(47, 'MISDEMEANOR', 58109)
(48, 'VIOLATION', 9425)
(45, 'VIOLATION', 10646)
(41, 'VIOLATION', 9372)
(40, 'VIOLATION', 16411)
(44, 'VIOLATION', 13989)
(43, 'MISDEMEANOR', 94968)
(43, 'VIOLATION', 18196)
(23, 'MISDEMEANOR', 2)
(40, 'MISDEMEANOR', 82531)
(47, 'VIOLATION', 12867)
(52, 'VIOLATION', 12309)
(50, 'VIOLATION', 6716)
(49, 'VIOLATION', 10417)
(49, 'MISDEMEANOR', 43858)
(50, 'MISDEMEANOR', 29366)
(42, 'FELONY', 21576)
(23, 'FELONY', 1)
(6, 'FELONY', 1)
(43, 'FELONY', 36410)
(41, 'FELONY', 24752)
(42, 'VIOLATION', 10982)
(52, 'FELONY', 34859)
(44, 'FELONY', 35264)
(71, 'FELONY', 1)
(48, 'FELONY', 25749)
(114, 'FELONY', 2)
(50, 'FELONY', 15011)
(48, 'MISDEMEANOR', 54682)
(41, 'MISDEMEANOR', 43358)
(42, 'MISDEMEANOR', 54080)
(46, 'VIOLATION', 15200)
(25, 'FELONY', 1)
(46, 'MISDEMEANOR', 75585)
(49, 'FELONY', 20821)
(52, 'MISDEMEANOR', 69915)
(45, 'MISDEMEANOR', 41426)
(40, 'FELONY', 32321)
(45, 'FELONY', 18512)
(46, 'FELONY', 29981)
(44, 'MISDEMEANOR', 90092)
(47, 'FELONY', 29882)
