(72, 'FELONY', 19005)
(72, 'VIOLATION', 6865)
(68, 'MISDEMEANOR', 32495)
(66, 'FELONY', 17606)
(13, 'MISDEMEANOR', 1)
(78, 'MISDEMEANOR', 21914)
(88, 'VIOLATION', 6146)
(94, 'VIOLATION', 3756)
(84, 'MISDEMEANOR', 33414)
(60, 'VIOLATION', 8806)
(77, 'VIOLATION', 9988)
(78, 'FELONY', 12718)
(83, 'VIOLATION', 8937)
(69, 'FELONY', 17783)
(79, 'FELONY', 29675)
(66, 'MISDEMEANOR', 29586)
(94, 'MISDEMEANOR', 20045)
(76, 'MISDEMEANOR', 18378)
(84, 'VIOLATION', 7087)
(78, 'VIOLATION', 4228)
(121, 'MISDEMEANOR', 1)
(81, 'FELONY', 22981)
(69, 'MISDEMEANOR', 28178)
(94, 'FELONY', 13450)
(75, 'FELONY', 57823)
(62, 'VIOLATION', 9477)
(73, 'FELONY', 36252)
(76, 'FELONY', 9272)
(104, 'MISDEMEANOR', 1)
(70, 'FELONY', 31056)
(68, 'FELONY', 15738)
(60, 'MISDEMEANOR', 40215)
(75, 'VIOLATION', 19366)
(73, 'VIOLATION', 14457)
(67, 'MISDEMEANOR', 53457)
(90, 'FELONY', 25285)
(14, 'FELONY', 1)
(62, 'FELONY', 20862)
(68, 'VIOLATION', 8196)
(61, 'FELONY', 22605)
(72, 'MISDEMEANOR', 34242)
(60, 'FELONY', 21847)
(79, 'MISDEMEANOR', 47501)
(83, 'MISDEMEANOR', 37670)
(77, 'MISDEMEANOR', 47516)
(88, 'FELONY', 15844)
(106, 'VIOLATION', 1)
(81, 'VIOLATION', 9742)
(83, 'FELONY', 28939)
(75, 'MISDEMEANOR', 103351)
(70, 'MISDEMEANOR', 48308)
(62, 'MISDEMEANOR', 37017)
(67, 'FELONY', 37555)
(77, 'FELONY', 25522)
(88, 'MISDEMEANOR', 28099)
(71, 'FELONY', 24226)
(71, 'VIOLATION', 10689)
(63, 'VIOLATION', 7690)
(84, 'FELONY', 16312)
(63, 'FELONY', 19483)
(70, 'VIOLATION', 9604)
(66, 'VIOLATION', 6845)
(9, 'FELONY', 1)
(26, 'VIOLATION', 1)
(7, 'VIOLATION', 1)
(69, 'VIOLATION', 8820)
(67, 'VIOLATION', 13805)
(63, 'MISDEMEANOR', 32212)
(79, 'VIOLATION', 11388)
(61, 'VIOLATION', 8588)
(81, 'MISDEMEANOR', 37750)
(61, 'MISDEMEANOR', 38750)
(90, 'VIOLATION', 7458)
(73, 'MISDEMEANOR', 65661)
(90, 'MISDEMEANOR', 39462)
(71, 'MISDEMEANOR', 43994)
(76, 'VIOLATION', 3903)
