(24, 'FELONY', 15923)
(13, 'FELONY', 30058)
(32, 'MISDEMEANOR', 45493)
(17, 'MISDEMEANOR', 18152)
(13, 'MISDEMEANOR', 43276)
(7, 'MISDEMEANOR', 27380)
(22, 'FELONY', 1214)
(1, 'MISDEMEANOR', 41504)
(23, 'MISDEMEANOR', 45777)
(1, 'VIOLATION', 5604)
(28, 'MISDEMEANOR', 35250)
(20, 'MISDEMEANOR', 25127)
(10, 'MISDEMEANOR', 26020)
(17, 'FELONY', 14326)
(28, 'FELONY', 16243)
(23, 'FELONY', 17823)
(9, 'MISDEMEANOR', 40084)
(18, 'FELONY', 32368)
(5, 'FELONY', 14976)
(17, 'VIOLATION', 3470)
(104, 'MISDEMEANOR', 1)
(34, 'MISDEMEANOR', 33027)
(6, 'FELONY', 21967)
(30, 'MISDEMEANOR', 33386)
(33, 'VIOLATION', 5793)
(1, 'FELONY', 20725)
(20, 'VIOLATION', 5502)
(14, 'FELONY', 43870)
(5, 'VIOLATION', 4410)
(5, 'MISDEMEANOR', 29950)
(34, 'VIOLATION', 6394)
(30, 'FELONY', 14057)
(30, 'VIOLATION', 6624)
(24, 'MISDEMEANOR', 31339)
(33, 'MISDEMEANOR', 28424)
(19, 'MISDEMEANOR', 37504)
(14, 'MISDEMEANOR', 78649)
(34, 'FELONY', 19951)
(9, 'VIOLATION', 6811)
(28, 'VIOLATION', 7233)
(20, 'FELONY', 14180)
(10, 'FELONY', 16720)
(19, 'VIOLATION', 6171)
(6, 'MISDEMEANOR', 33022)
(23, 'VIOLATION', 9554)
(10, 'VIOLATION', 4647)
(19, 'FELONY', 28607)
(6, 'VIOLATION', 4570)
(22, 'MISDEMEANOR', 3097)
(9, 'FELONY', 20927)
(26, 'VIOLATION', 4329)
(33, 'FELONY', 15137)
(32, 'FELONY', 20962)
(25, 'VIOLATION', 8298)
(7, 'VIOLATION', 5339)
(25, 'FELONY', 18979)
(26, 'FELONY', 10635)
(26, 'MISDEMEANOR', 22249)
(22, 'VIOLATION', 434)
(13, 'VIOLATION', 7811)
(32, 'VIOLATION', 10892)
(14, 'VIOLATION', 7178)
(7, 'FELONY', 12540)
(18, 'VIOLATION', 9182)
(25, 'MISDEMEANOR', 46796)
(18, 'MISDEMEANOR', 45817)
(24, 'VIOLATION', 8000)
