(115, 'VIOLATION', 9473)
(101, 'FELONY', 14146)
(105, 'FELONY', 31372)
(109, 'VIOLATION', 11511)
(115, 'MISDEMEANOR', 50915)
(108, 'VIOLATION', 7806)
(113, 'FELONY', 35072)
(107, 'MISDEMEANOR', 30516)
(107, 'VIOLATION', 8094)
(112, 'VIOLATION', 4187)
(115, 'FELONY', 28907)
(108, 'FELONY', 18221)
(102, 'VIOLATION', 9903)
(104, 'VIOLATION', 10726)
(100, 'MISDEMEANOR', 14848)
(114, 'VIOLATION', 13455)
(103, 'MISDEMEANOR', 45866)
(114, 'MISDEMEANOR', 55973)
(106, 'FELONY', 23783)
(110, 'MISDEMEANOR', 43294)
(113, 'VIOLATION', 9489)
(100, 'VIOLATION', 4951)
(104, 'MISDEMEANOR', 46002)
(113, 'MISDEMEANOR', 51309)
(105, 'VIOLATION', 11212)
(109, 'MISDEMEANOR', 46688)
(102, 'FELONY', 23621)
(106, 'VIOLATION', 9908)
(100, 'FELONY', 8983)
(112, 'FELONY', 12444)
(109, 'FELONY', 30090)
(114, 'FELONY', 31370)
(101, 'MISDEMEANOR', 23980)
(111, 'VIOLATION', 4465)
(110, 'FELONY', 24559)
(106, 'MISDEMEANOR', 33676)
(110, 'VIOLATION', 7302)
(111, 'FELONY', 13559)
(102, 'MISDEMEANOR', 37493)
(111, 'MISDEMEANOR', 18031)
(105, 'MISDEMEANOR', 38671)
(103, 'VIOLATION', 11842)
(112, 'MISDEMEANOR', 23419)
(107, 'FELONY', 19692)
(104, 'FELONY', 24423)
(108, 'MISDEMEANOR', 32601)
(101, 'VIOLATION', 7668)
(103, 'FELONY', 30105)
