('2011', 'BROOKLYN', 151987)
('2009', 'BRONX', 112959)
('2008', 'MANHATTAN', 128612)
('2005', 'MANHATTAN', 2662)
('2016', 'BRONX', 103782)
('2015', 'STATEN ISLAND', 22124)
('2013', 'QUEENS', 101052)
('2011', 'BRONX', 108890)
('2010', 'MANHATTAN', 121790)
('2014', 'BROOKLYN', 148739)
('2014', 'BRONX', 106240)
('2008', 'STATEN ISLAND', 26931)
('2012', 'BRONX', 106978)
('2005', 'BRONX', 2092)
('2016', 'BROOKLYN', 137898)
('2015', 'QUEENS', 94759)
('2006', 'STATEN ISLAND', 27680)
('2009', 'BROOKLYN', 150735)
('2011', 'STATEN ISLAND', 23322)
('2007', 'STATEN ISLAND', 26251)
('2015', 'BRONX', 104914)
('2013', 'MANHATTAN', 117874)
('2010', 'BRONX', 112296)
('2006', 'BROOKLYN', 161030)
('2014', 'STATEN ISLAND', 22753)
('2007', 'BRONX', 117901)
('2016', 'QUEENS', 92425)
('2010', 'QUEENS', 99556)
('2016', 'MANHATTAN', 112946)
('2009', 'MANHATTAN', 124699)
('2006', 'MANHATTAN', 130256)
('2007', 'BROOKLYN', 156965)
('2005', 'QUEENS', 2434)
('2009', 'STATEN ISLAND', 24215)
('2009', 'QUEENS', 99089)
('2012', 'MANHATTAN', 119976)
('2010', 'STATEN ISLAND', 24142)
('2007', 'MANHATTAN', 131055)
('2013', 'BRONX', 104170)
('2015', 'MANHATTAN', 112728)
('2015', 'BROOKLYN', 142644)
('2014', 'QUEENS', 100284)
('2012', 'STATEN ISLAND', 23629)
('2013', 'BROOKLYN', 149742)
('2005', 'BROOKLYN', 3458)
('2005', 'STATEN ISLAND', 587)
('2007', 'QUEENS', 106761)
('2006', 'BRONX', 114911)
('2006', 'QUEENS', 107805)
('2012', 'BROOKLYN', 154826)
('2008', 'BROOKLYN', 156336)
('2008', 'BRONX', 114514)
('2011', 'QUEENS', 98756)
('2010', 'BROOKLYN', 152543)
('2013', 'STATEN ISLAND', 22629)
('2008', 'QUEENS', 103515)
('2011', 'MANHATTAN', 115832)
('2016', 'STATEN ISLAND', 21378)
('2014', 'MANHATTAN', 113330)
('2012', 'QUEENS', 99185)
