('07/23/2005', 2)
('08/05/2005', 27)
('09/11/2005', 8)
('03/03/2005', 18)
('09/14/2005', 15)
('06/20/2005', 22)
('03/15/2005', 19)
('03/22/2005', 8)
('11/21/2005', 39)
('06/04/2005', 7)
('06/30/2005', 23)
('02/02/2005', 16)
('01/17/2005', 10)
('01/14/2005', 19)
('06/05/2005', 16)
('09/24/2005', 15)
('10/25/2005', 31)
('05/12/2005', 8)
('05/31/2005', 13)
('10/09/2005', 12)
('10/04/2005', 15)
('03/18/2005', 9)
('09/27/2005', 15)
('04/26/2005', 6)
('12/21/2005', 106)
('11/16/2005', 38)
('11/15/2005', 75)
('01/13/2005', 15)
('06/21/2005', 14)
('07/08/2005', 10)
('05/02/2005', 16)
('10/30/2005', 22)
('07/04/2005', 17)
('09/20/2005', 29)
('11/18/2005', 50)
('08/06/2005', 6)
('06/28/2005', 12)
('10/31/2005', 50)
('07/09/2005', 7)
('06/22/2005', 8)
('04/10/2005', 7)
('03/27/2005', 4)
('08/18/2005', 10)
('10/12/2005', 17)
('01/27/2005', 12)
('09/17/2005', 6)
('12/18/2005', 60)
('06/07/2005', 13)
('07/07/2005', 17)
('11/23/2005', 49)
('06/06/2005', 16)
('10/08/2005', 15)
('05/09/2005', 12)
('09/02/2005', 29)
('02/25/2005', 11)
('07/18/2005', 11)
('10/21/2005', 19)
('10/11/2005', 19)
('07/12/2005', 13)
('07/03/2005', 7)
('04/13/2005', 4)
('02/19/2005', 11)
('06/13/2005', 8)
('05/28/2005', 6)
('06/08/2005', 11)
('11/06/2005', 15)
('11/27/2005', 32)
('05/30/2005', 10)
('12/29/2005', 205)
('11/01/2005', 249)
('04/08/2005', 8)
('01/11/2005', 17)
('01/26/2005', 9)
('12/09/2005', 58)
('07/05/2005', 26)
('11/17/2005', 32)
('12/30/2005', 368)
('01/12/2005', 9)
('05/06/2005', 10)
('08/19/2005', 15)
('02/03/2005', 8)
('07/19/2005', 11)
('10/26/2005', 25)
('01/22/2005', 10)
('10/23/2005', 7)
('11/10/2005', 35)
('12/03/2005', 58)
('06/25/2005', 16)
('03/05/2005', 19)
('09/06/2005', 17)
('06/11/2005', 7)
('03/14/2005', 15)
('02/24/2005', 17)
('07/17/2005', 7)
('01/16/2005', 12)
('11/07/2005', 39)
('03/19/2005', 3)
('01/28/2005', 7)
('05/03/2005', 9)
('12/08/2005', 58)
('04/27/2005', 6)
('04/04/2005', 17)
('10/10/2005', 44)
('12/31/2005', 590)
('11/28/2005', 44)
('12/06/2005', 49)
('03/06/2005', 15)
('11/26/2005', 30)
('10/02/2005', 4)
('02/15/2005', 21)
('07/24/2005', 5)
('01/23/2005', 14)
('07/11/2005', 13)
('08/08/2005', 22)
('05/07/2005', 7)
('04/11/2005', 12)
('05/18/2005', 10)
('07/22/2005', 12)
('08/27/2005', 15)
('11/11/2005', 31)
('02/21/2005', 7)
('11/22/2005', 39)
('10/20/2005', 33)
('06/02/2005', 8)
('01/01/2005', 459)
('07/15/2005', 21)
('03/09/2005', 8)
('11/08/2005', 20)
('03/24/2005', 13)
('07/16/2005', 9)
('05/23/2005', 5)
('06/15/2005', 34)
('08/31/2005', 23)
('05/29/2005', 4)
('12/19/2005', 92)
('03/21/2005', 12)
('09/30/2005', 42)
('03/11/2005', 4)
('05/17/2005', 10)
('07/30/2005', 9)
('07/26/2005', 6)
('12/04/2005', 39)
('12/07/2005', 64)
('02/06/2005', 8)
('02/27/2005', 1)
('05/19/2005', 11)
('09/29/2005', 16)
('04/17/2005', 3)
('02/18/2005', 8)
('06/17/2005', 16)
('08/22/2005', 18)
('03/31/2005', 9)
('10/07/2005', 19)
('03/12/2005', 7)
('01/18/2005', 12)
('02/23/2005', 9)
('10/16/2005', 7)
('02/20/2005', 6)
('12/25/2005', 103)
('10/17/2005', 25)
('06/29/2005', 7)
('03/23/2005', 8)
('02/10/2005', 11)
('07/21/2005', 12)
('04/24/2005', 6)
('05/26/2005', 11)
('10/28/2005', 30)
('07/14/2005', 14)
('02/07/2005', 15)
('08/12/2005', 11)
('03/26/2005', 3)
('05/20/2005', 16)
('11/12/2005', 24)
('04/16/2005', 7)
('11/09/2005', 20)
('06/16/2005', 16)
('01/29/2005', 8)
('02/01/2005', 81)
('05/11/2005', 9)
('10/05/2005', 60)
('07/13/2005', 9)
('01/09/2005', 22)
('12/11/2005', 32)
('04/03/2005', 11)
('06/18/2005', 12)
('05/04/2005', 5)
('12/24/2005', 127)
('01/30/2005', 10)
('07/10/2005', 6)
('05/25/2005', 22)
('07/20/2005', 17)
('12/02/2005', 68)
('09/18/2005', 13)
('04/12/2005', 5)
('09/15/2005', 44)
('05/13/2005', 7)
('02/11/2005', 14)
('02/22/2005', 11)
('03/20/2005', 5)
('09/08/2005', 12)
('12/01/2005', 313)
('02/08/2005', 4)
('08/21/2005', 12)
('05/10/2005', 10)
('10/24/2005', 25)
('01/08/2005', 30)
('08/20/2005', 20)
('05/21/2005', 3)
('08/14/2005', 11)
('10/13/2005', 14)
('03/10/2005', 7)
('01/31/2005', 27)
('08/17/2005', 15)
('06/03/2005', 7)
('04/25/2005', 15)
('10/01/2005', 217)
('09/05/2005', 27)
('08/03/2005', 14)
('02/28/2005', 18)
('12/10/2005', 86)
('01/06/2005', 36)
('12/05/2005', 118)
('11/04/2005', 28)
('10/06/2005', 28)
('02/26/2005', 1)
('03/02/2005', 15)
('06/19/2005', 3)
('05/15/2005', 20)
('05/05/2005', 26)
('12/23/2005', 183)
('09/19/2005', 20)
('05/14/2005', 2)
('05/01/2005', 90)
('06/14/2005', 9)
('04/02/2005', 5)
('07/31/2005', 24)
('09/10/2005', 19)
('03/07/2005', 11)
('08/10/2005', 18)
('09/22/2005', 16)
('02/14/2005', 14)
('08/29/2005', 12)
('04/29/2005', 5)
('11/20/2005', 36)
('01/25/2005', 15)
('08/16/2005', 14)
('09/07/2005', 23)
('03/16/2005', 17)
('10/29/2005', 20)
('11/05/2005', 58)
('01/19/2005', 13)
('08/24/2005', 15)
('12/15/2005', 194)
('09/21/2005', 15)
('04/07/2005', 8)
('11/13/2005', 9)
('01/04/2005', 26)
('01/07/2005', 24)
('06/12/2005', 4)
('12/20/2005', 155)
('07/28/2005', 10)
('04/30/2005', 17)
('02/09/2005', 7)
('08/15/2005', 40)
('03/25/2005', 12)
('07/25/2005', 16)
('08/02/2005', 13)
('03/04/2005', 8)
('10/18/2005', 21)
('06/24/2005', 7)
('01/24/2005', 15)
('04/09/2005', 8)
('04/20/2005', 13)
('04/14/2005', 12)
('01/21/2005', 5)
('02/16/2005', 18)
('08/09/2005', 14)
('04/21/2005', 8)
('12/13/2005', 58)
('03/17/2005', 7)
('08/13/2005', 7)
('12/17/2005', 72)
('08/23/2005', 11)
('10/03/2005', 25)
('06/27/2005', 13)
('08/26/2005', 12)
('09/03/2005', 16)
('10/22/2005', 12)
('04/19/2005', 11)
('09/09/2005', 20)
('03/28/2005', 8)
('05/22/2005', 5)
('09/04/2005', 10)
('06/10/2005', 15)
('10/15/2005', 51)
('11/02/2005', 28)
('11/30/2005', 73)
('12/14/2005', 80)
('02/12/2005', 4)
('04/05/2005', 16)
('03/08/2005', 7)
('06/01/2005', 159)
('09/12/2005', 17)
('05/24/2005', 5)
('11/25/2005', 69)
('03/13/2005', 6)
('03/01/2005', 88)
('04/22/2005', 11)
('04/06/2005', 6)
('01/10/2005', 19)
('01/05/2005', 45)
('02/04/2005', 11)
('11/19/2005', 26)
('04/23/2005', 6)
('09/26/2005', 18)
('11/29/2005', 35)
('07/29/2005', 14)
('07/27/2005', 12)
('03/30/2005', 9)
('01/02/2005', 29)
('08/11/2005', 11)
('09/23/2005', 20)
('10/27/2005', 20)
('08/28/2005', 11)
('04/28/2005', 10)
('12/27/2005', 155)
('08/25/2005', 22)
('08/01/2005', 173)
('09/13/2005', 13)
('12/22/2005', 131)
('05/27/2005', 10)
('08/07/2005', 8)
('06/26/2005', 2)
('02/05/2005', 19)
('08/04/2005', 14)
('08/30/2005', 18)
('09/16/2005', 14)
('10/14/2005', 20)
('11/24/2005', 34)
('01/15/2005', 13)
('12/16/2005', 96)
('10/19/2005', 25)
('02/13/2005', 6)
('07/02/2005', 10)
('12/28/2005', 160)
('07/01/2005', 148)
('05/16/2005', 10)
('01/20/2005', 16)
('09/01/2005', 199)
('09/25/2005', 16)
('04/01/2005', 89)
('12/26/2005', 116)
('09/28/2005', 24)
('04/15/2005', 36)
('01/03/2005', 44)
('11/14/2005', 47)
('02/17/2005', 6)
('04/18/2005', 6)
('05/08/2005', 8)
('06/23/2005', 10)
('12/12/2005', 100)
('06/09/2005', 12)
('11/03/2005', 30)
('07/06/2005', 9)
('03/29/2005', 9)
