('03/29/2006', 1477)
('05/27/2006', 1443)
('03/09/2006', 1544)
('03/17/2006', 1586)
('06/26/2006', 1502)
('11/28/2006', 1486)
('09/16/2006', 1447)
('03/04/2006', 1356)
('04/10/2006', 1535)
('10/14/2006', 1416)
('08/18/2006', 1604)
('12/16/2006', 1353)
('11/23/2006', 974)
('09/17/2006', 1358)
('01/24/2006', 1523)
('08/08/2006', 1651)
('02/13/2006', 1034)
('02/15/2006', 1599)
('05/16/2006', 1406)
('04/09/2006', 1231)
('04/30/2006', 1293)
('10/11/2006', 1382)
('05/07/2006', 1368)
('09/01/2006', 1857)
('08/23/2006', 1545)
('05/18/2006', 1579)
('10/22/2006', 1361)
('11/11/2006', 1506)
('04/04/2006', 1530)
('04/15/2006', 1487)
('08/09/2006', 1706)
('02/17/2006', 1730)
('06/02/2006', 1533)
('06/10/2006', 1466)
('12/12/2006', 1625)
('07/16/2006', 1299)
('11/27/2006', 1427)
('05/29/2006', 1199)
('03/08/2006', 1526)
('11/01/2006', 2042)
('03/03/2006', 1528)
('08/31/2006', 1470)
('05/24/2006', 1545)
('10/16/2006', 1448)
('04/05/2006', 1509)
('01/26/2006', 1383)
('03/13/2006', 1473)
('04/23/2006', 1171)
('06/15/2006', 1670)
('06/04/2006', 1386)
('11/29/2006', 1401)
('08/01/2006', 1864)
('12/07/2006', 1435)
('02/06/2006', 1446)
('07/19/2006', 1601)
('01/22/2006', 1248)
('10/25/2006', 1540)
('09/29/2006', 1660)
('05/12/2006', 1560)
('04/17/2006', 1348)
('01/02/2006', 1216)
('08/22/2006', 1495)
('03/18/2006', 1373)
('09/27/2006', 1581)
('03/12/2006', 1197)
('01/18/2006', 1478)
('03/19/2006', 1188)
('07/30/2006', 1391)
('11/25/2006', 1435)
('02/20/2006', 1216)
('12/25/2006', 900)
('12/08/2006', 1478)
('03/23/2006', 1545)
('12/31/2006', 1196)
('08/30/2006', 1550)
('06/22/2006', 1663)
('05/09/2006', 1554)
('01/15/2006', 1178)
('03/06/2006', 1469)
('01/27/2006', 1549)
('06/08/2006', 1470)
('07/07/2006', 1663)
('10/02/2006', 1546)
('12/28/2006', 1387)
('07/24/2006', 1497)
('07/11/2006', 1551)
('01/20/2006', 1670)
('01/29/2006', 1222)
('08/06/2006', 1362)
('10/05/2006', 1527)
('04/01/2006', 1778)
('07/18/2006', 1617)
('10/21/2006', 1488)
('09/28/2006', 1689)
('07/03/2006', 1398)
('11/14/2006', 1485)
('10/20/2006', 1699)
('06/13/2006', 1573)
('07/15/2006', 1502)
('03/24/2006', 1532)
('05/25/2006', 1615)
('11/03/2006', 1595)
('05/30/2006', 1642)
('08/05/2006', 1571)
('09/11/2006', 1471)
('09/18/2006', 1403)
('12/09/2006', 1355)
('03/22/2006', 1506)
('02/11/2006', 1293)
('03/11/2006', 1497)
('05/17/2006', 1563)
('11/17/2006', 1629)
('11/21/2006', 1486)
('12/30/2006', 1283)
('12/04/2006', 1369)
('01/12/2006', 1599)
('08/19/2006', 1426)
('05/10/2006', 1660)
('02/27/2006', 1291)
('09/24/2006', 1481)
('05/21/2006', 1297)
('08/17/2006', 1571)
('10/01/2006', 1705)
('02/28/2006', 1462)
('10/04/2006', 1652)
('12/10/2006', 1311)
('03/14/2006', 1530)
('01/16/2006', 1194)
('02/23/2006', 1378)
('06/19/2006', 1503)
('06/21/2006', 1749)
('05/14/2006', 1243)
('05/02/2006', 1546)
('07/04/2006', 1518)
('10/10/2006', 1633)
('09/20/2006', 1722)
('09/10/2006', 1390)
('05/26/2006', 1605)
('11/18/2006', 1386)
('10/31/2006', 1684)
('10/28/2006', 1413)
('07/08/2006', 1461)
('06/07/2006', 1388)
('11/26/2006', 1214)
('11/20/2006', 1449)
('01/25/2006', 1526)
('11/12/2006', 1281)
('01/23/2006', 1479)
('11/09/2006', 1601)
('10/08/2006', 1351)
('06/16/2006', 1641)
('02/01/2006', 1795)
('09/02/2006', 1249)
('09/07/2006', 1543)
('03/16/2006', 1525)
('02/25/2006', 1284)
('04/11/2006', 1454)
('04/03/2006', 1384)
('09/21/2006', 1575)
('05/04/2006', 1576)
('11/22/2006', 1470)
('01/01/2006', 2215)
('05/28/2006', 1410)
('01/07/2006', 1355)
('11/08/2006', 1330)
('05/23/2006', 1647)
('07/20/2006', 1677)
('01/11/2006', 1556)
('03/21/2006', 1472)
('04/25/2006', 1420)
('09/30/2006', 1538)
('06/24/2006', 1392)
('03/20/2006', 1505)
('01/21/2006', 1482)
('09/08/2006', 1676)
('08/21/2006', 1517)
('05/06/2006', 1490)
('10/24/2006', 1462)
('08/13/2006', 1397)
('01/08/2006', 1343)
('10/26/2006', 1501)
('08/26/2006', 1414)
('08/14/2006', 1547)
('11/10/2006', 1694)
('01/31/2006', 1319)
('06/25/2006', 1387)
('09/03/2006', 1326)
('05/13/2006', 1454)
('06/17/2006', 1457)
('08/03/2006', 1572)
('10/07/2006', 1464)
('09/06/2006', 1522)
('07/17/2006', 1487)
('10/06/2006', 1761)
('11/07/2006', 1318)
('11/02/2006', 1470)
('12/14/2006', 1430)
('03/02/2006', 1360)
('01/28/2006', 1341)
('02/03/2006', 1632)
('03/01/2006', 1807)
('04/24/2006', 1373)
('04/22/2006', 1312)
('07/21/2006', 1527)
('01/10/2006', 1592)
('09/22/2006', 1646)
('07/22/2006', 1459)
('07/14/2006', 1623)
('12/06/2006', 1560)
('11/19/2006', 1212)
('07/27/2006', 1552)
('08/29/2006', 1287)
('08/10/2006', 1623)
('04/29/2006', 1421)
('03/30/2006', 1449)
('11/05/2006', 1222)
('10/27/2006', 1667)
('01/09/2006', 1443)
('04/27/2006', 1582)
('08/27/2006', 1208)
('02/21/2006', 1461)
('01/30/2006', 1395)
('04/07/2006', 1643)
('01/04/2006', 1540)
('07/10/2006', 1589)
('06/12/2006', 1574)
('07/28/2006', 1654)
('02/09/2006', 1399)
('08/04/2006', 1627)
('12/19/2006', 1432)
('11/24/2006', 1397)
('02/22/2006', 1388)
('11/30/2006', 1617)
('04/14/2006', 1445)
('07/26/2006', 1598)
('02/16/2006', 1525)
('12/01/2006', 1859)
('07/01/2006', 1863)
('02/08/2006', 1467)
('04/21/2006', 1503)
('12/13/2006', 1437)
('05/19/2006', 1439)
('08/20/2006', 1551)
('06/27/2006', 1539)
('09/25/2006', 1618)
('03/10/2006', 1672)
('02/18/2006', 1283)
('09/05/2006', 1446)
('03/31/2006', 1495)
('01/03/2006', 1395)
('03/28/2006', 1520)
('05/22/2006', 1465)
('12/05/2006', 1450)
('09/04/2006', 1428)
('11/04/2006', 1365)
('10/15/2006', 1372)
('12/17/2006', 1237)
('02/26/2006', 1089)
('05/05/2006', 1862)
('02/12/2006', 725)
('12/23/2006', 1391)
('10/17/2006', 1375)
('06/01/2006', 1979)
('03/26/2006', 1234)
('09/14/2006', 1550)
('05/01/2006', 1839)
('06/20/2006', 1827)
('02/10/2006', 1605)
('04/02/2006', 1294)
('04/16/2006', 1190)
('03/07/2006', 1483)
('02/07/2006', 1468)
('02/02/2006', 1573)
('09/26/2006', 1626)
('08/12/2006', 1525)
('01/14/2006', 1298)
('05/20/2006', 1526)
('06/29/2006', 1442)
('05/11/2006', 1583)
('10/09/2006', 1401)
('12/11/2006', 1457)
('10/29/2006', 1331)
('08/24/2006', 1559)
('06/18/2006', 1345)
('04/26/2006', 1507)
('08/25/2006', 1537)
('12/24/2006', 1087)
('12/21/2006', 1540)
('07/23/2006', 1345)
('11/13/2006', 1417)
('07/13/2006', 1576)
('11/15/2006', 1641)
('09/13/2006', 1585)
('08/15/2006', 1628)
('12/22/2006', 1583)
('03/25/2006', 1398)
('10/30/2006', 1435)
('05/08/2006', 1362)
('08/02/2006', 1501)
('12/02/2006', 1469)
('02/05/2006', 1216)
('07/25/2006', 1661)
('04/12/2006', 1635)
('03/27/2006', 1514)
('06/06/2006', 1603)
('10/18/2006', 1620)
('09/15/2006', 1578)
('10/12/2006', 1656)
('12/18/2006', 1356)
('07/09/2006', 1390)
('04/20/2006', 1573)
('07/02/2006', 1361)
('08/07/2006', 1593)
('10/03/2006', 1584)
('12/26/2006', 1261)
('10/13/2006', 1594)
('06/03/2006', 1339)
('04/19/2006', 1476)
('07/12/2006', 1495)
('09/09/2006', 1498)
('04/13/2006', 1569)
('01/06/2006', 1666)
('02/19/2006', 1127)
('04/18/2006', 1513)
('06/23/2006', 1735)
('06/28/2006', 1625)
('07/06/2006', 1534)
('10/19/2006', 1573)
('11/06/2006', 1487)
('05/15/2006', 1497)
('06/09/2006', 1681)
('09/19/2006', 1504)
('12/29/2006', 1408)
('09/12/2006', 1392)
('03/05/2006', 1175)
('06/30/2006', 1523)
('07/31/2006', 1432)
('12/03/2006', 1257)
('04/06/2006', 1590)
('06/14/2006', 1676)
('01/05/2006', 1615)
('02/14/2006', 1311)
('02/04/2006', 1392)
('03/15/2006', 1574)
('01/17/2006', 1467)
('07/29/2006', 1503)
('06/05/2006', 1498)
('07/05/2006', 1677)
('08/16/2006', 1634)
('04/08/2006', 1375)
('10/23/2006', 1459)
('05/31/2006', 1527)
('08/11/2006', 1617)
('09/23/2006', 1509)
('01/19/2006', 1566)
('06/11/2006', 1320)
('02/24/2006', 1311)
('08/28/2006', 1388)
('04/28/2006', 1687)
('12/15/2006', 1692)
('12/27/2006', 1344)
('11/16/2006', 1455)
('05/03/2006', 1591)
('01/13/2006', 1756)
('12/20/2006', 1572)
