('03/08/2007', 1382)
('12/29/2007', 1376)
('11/01/2007', 1915)
('09/12/2007', 1735)
('04/05/2007', 1377)
('05/24/2007', 1579)
('11/25/2007', 1245)
('01/26/2007', 1318)
('11/29/2007', 1415)
('03/13/2007', 1535)
('07/05/2007', 1541)
('04/06/2007', 1375)
('01/05/2007', 1723)
('02/04/2007', 1076)
('04/23/2007', 1456)
('07/29/2007', 1367)
('07/19/2007', 1484)
('12/03/2007', 1390)
('01/22/2007', 1310)
('10/23/2007', 1753)
('04/08/2007', 1053)
('03/05/2007', 1289)
('01/02/2007', 1583)
('08/11/2007', 1552)
('09/23/2007', 1490)
('06/11/2007', 1499)
('02/24/2007', 1372)
('08/28/2007', 1531)
('04/28/2007', 1546)
('03/19/2007', 1258)
('12/27/2007', 1346)
('08/01/2007', 2058)
('05/03/2007', 1592)
('12/08/2007', 1389)
('03/29/2007', 1406)
('05/27/2007', 1296)
('03/09/2007', 1560)
('12/31/2007', 1251)
('06/26/2007', 1545)
('11/28/2007', 1452)
('08/30/2007', 1578)
('09/16/2007', 1409)
('10/14/2007', 1318)
('01/15/2007', 1361)
('12/16/2007', 1069)
('03/06/2007', 1192)
('02/13/2007', 1336)
('10/02/2007', 1576)
('02/15/2007', 1247)
('12/28/2007', 1360)
('08/08/2007', 1465)
('07/24/2007', 1651)
('05/16/2007', 1597)
('07/11/2007', 1522)
('01/20/2007', 1414)
('05/07/2007', 1498)
('09/01/2007', 1831)
('05/18/2007', 1669)
('04/01/2007', 1552)
('09/28/2007', 1754)
('11/11/2007', 1288)
('04/15/2007', 1114)
('11/14/2007', 1485)
('04/04/2007', 1268)
('10/20/2007', 1692)
('06/02/2007', 1549)
('02/17/2007', 1282)
('07/15/2007', 1386)
('12/12/2007', 1516)
('03/24/2007', 1401)
('07/16/2007', 1485)
('11/03/2007', 1467)
('05/29/2007', 1673)
('08/05/2007', 1416)
('09/11/2007', 1475)
('03/03/2007', 1470)
('08/31/2007', 1632)
('10/16/2007', 1535)
('03/22/2007', 1584)
('03/11/2007', 1233)
('05/17/2007', 1627)
('11/21/2007', 1596)
('07/30/2007', 1498)
('06/04/2007', 1350)
('12/04/2007', 1362)
('12/07/2007', 1601)
('02/06/2007', 1238)
('02/27/2007', 1489)
('09/24/2007', 1494)
('10/25/2007', 1580)
('09/29/2007', 1594)
('05/12/2007', 1594)
('04/17/2007', 1567)
('08/22/2007', 1516)
('10/04/2007', 1655)
('03/18/2007', 1153)
('09/27/2007', 1667)
('03/12/2007', 1430)
('01/18/2007', 1478)
('02/23/2007', 1400)
('02/20/2007', 1439)
('06/15/2007', 1706)
('12/25/2007', 975)
('06/21/2007', 1536)
('03/23/2007', 1581)
('05/02/2007', 1585)
('07/04/2007', 1450)
('06/07/2007', 1526)
('09/20/2007', 1654)
('05/26/2007', 1461)
('11/18/2007', 1335)
('10/31/2007', 1660)
('10/28/2007', 1293)
('06/22/2007', 1548)
('01/27/2007', 1449)
('07/08/2007', 1340)
('07/07/2007', 1496)
('06/08/2007', 1649)
('11/12/2007', 1244)
('11/09/2007', 1563)
('10/08/2007', 1267)
('06/16/2007', 1463)
('01/29/2007', 1210)
('05/09/2007', 1591)
('02/01/2007', 1637)
('09/02/2007', 1302)
('10/05/2007', 1787)
('02/25/2007', 1182)
('08/06/2007', 1435)
('07/18/2007', 1489)
('10/21/2007', 1467)
('04/03/2007', 1317)
('05/04/2007', 1603)
('07/03/2007', 1608)
('06/13/2007', 1634)
('05/28/2007', 1323)
('05/25/2007', 1648)
('04/25/2007', 1533)
('05/30/2007', 1608)
('09/18/2007', 1484)
('01/11/2007', 1559)
('07/20/2007', 1717)
('12/09/2007', 1208)
('02/11/2007', 1118)
('11/17/2007', 1421)
('03/20/2007', 1532)
('12/30/2007', 1222)
('09/08/2007', 1620)
('01/12/2007', 1656)
('08/21/2007', 1290)
('10/24/2007', 1494)
('05/06/2007', 1312)
('08/19/2007', 1319)
('05/10/2007', 1618)
('02/03/2007', 1286)
('01/08/2007', 1434)
('05/21/2007', 1448)
('10/26/2007', 1567)
('08/14/2007', 1568)
('11/10/2007', 1437)
('01/31/2007', 1363)
('08/17/2007', 1592)
('06/25/2007', 1507)
('05/13/2007', 1266)
('10/01/2007', 1820)
('08/03/2007', 1690)
('02/28/2007', 1513)
('09/06/2007', 1590)
('12/10/2007', 1374)
('03/14/2007', 1597)
('07/17/2007', 1550)
('01/16/2007', 1467)
('10/06/2007', 1543)
('11/07/2007', 1436)
('03/02/2007', 1518)
('06/19/2007', 1562)
('01/28/2007', 1278)
('05/14/2007', 1532)
('10/10/2007', 1662)
('09/10/2007', 1529)
('08/10/2007', 1558)
('07/22/2007', 1434)
('09/22/2007', 1568)
('12/06/2007', 1435)
('08/29/2007', 1500)
('04/29/2007', 1313)
('11/26/2007', 1302)
('11/20/2007', 1401)
('01/25/2007', 1351)
('01/23/2007', 1480)
('09/07/2007', 1748)
('03/16/2007', 1219)
('11/05/2007', 1429)
('04/11/2007', 1465)
('04/27/2007', 1552)
('08/27/2007', 1502)
('09/21/2007', 1762)
('02/21/2007', 1454)
('11/22/2007', 975)
('04/07/2007', 1410)
('01/04/2007', 1569)
('01/01/2007', 2294)
('01/07/2007', 1308)
('11/08/2007', 1476)
('06/12/2007', 1603)
('05/23/2007', 1624)
('07/28/2007', 1581)
('02/09/2007', 1433)
('12/19/2007', 1376)
('03/21/2007', 1400)
('11/30/2007', 1619)
('09/30/2007', 1416)
('06/24/2007', 1426)
('06/27/2007', 1572)
('04/14/2007', 1442)
('01/21/2007', 1170)
('07/26/2007', 1582)
('02/16/2007', 1398)
('04/21/2007', 1413)
('12/13/2007', 1281)
('08/13/2007', 1477)
('05/19/2007', 1322)
('08/26/2007', 1421)
('09/03/2007', 1329)
('02/18/2007', 1148)
('06/17/2007', 1360)
('03/31/2007', 1353)
('10/07/2007', 1443)
('03/28/2007', 1539)
('05/22/2007', 1613)
('09/04/2007', 1585)
('10/15/2007', 1446)
('11/02/2007', 1630)
('12/17/2007', 1271)
('12/14/2007', 1531)
('02/12/2007', 1313)
('10/17/2007', 1645)
('06/01/2007', 1980)
('06/29/2007', 1566)
('02/10/2007', 1377)
('03/01/2007', 1772)
('04/24/2007', 1581)
('07/27/2007', 1674)
('01/10/2007', 1525)
('07/21/2007', 1586)
('07/14/2007', 1535)
('11/19/2007', 1280)
('02/07/2007', 1409)
('09/26/2007', 1667)
('04/22/2007', 1326)
('08/12/2007', 1465)
('05/20/2007', 1395)
('03/26/2007', 1434)
('04/16/2007', 1304)
('03/30/2007', 1576)
('05/11/2007', 1625)
('12/11/2007', 1471)
('10/27/2007', 1469)
('01/09/2007', 1396)
('06/18/2007', 1534)
('08/25/2007', 1540)
('12/24/2007', 1241)
('01/30/2007', 1337)
('07/13/2007', 1623)
('07/10/2007', 1583)
('09/13/2007', 1526)
('12/22/2007', 1374)
('08/07/2007', 1664)
('12/02/2007', 1090)
('02/05/2007', 1156)
('08/04/2007', 1474)
('04/12/2007', 1323)
('09/15/2007', 1625)
('11/24/2007', 1328)
('02/22/2007', 1307)
('10/19/2007', 1634)
('07/02/2007', 1413)
('12/01/2007', 1616)
('07/01/2007', 1706)
('02/08/2007', 1406)
('08/20/2007', 1416)
('09/25/2007', 1579)
('12/26/2007', 1225)
('10/13/2007', 1514)
('03/10/2007', 1468)
('06/03/2007', 1275)
('09/05/2007', 1586)
('01/03/2007', 1595)
('01/06/2007', 1474)
('12/05/2007', 1388)
('04/18/2007', 1545)
('07/06/2007', 1535)
('05/08/2007', 1421)
('11/04/2007', 1327)
('06/23/2007', 1641)
('02/26/2007', 1280)
('05/15/2007', 1707)
('05/05/2007', 1518)
('06/09/2007', 1430)
('12/23/2007', 1273)
('09/19/2007', 1601)
('03/15/2007', 1535)
('09/14/2007', 1660)
('05/01/2007', 1877)
('06/20/2007', 1633)
('04/02/2007', 1335)
('06/14/2007', 1602)
('07/31/2007', 1670)
('03/07/2007', 1398)
('02/14/2007', 1039)
('06/30/2007', 1486)
('02/02/2007', 1631)
('01/17/2007', 1382)
('01/14/2007', 1328)
('06/05/2007', 1725)
('08/16/2007', 1528)
('05/31/2007', 1574)
('10/09/2007', 1610)
('10/29/2007', 1316)
('01/19/2007', 1571)
('08/24/2007', 1626)
('12/15/2007', 1556)
('07/23/2007', 1304)
('12/21/2007', 1653)
('11/16/2007', 1552)
('11/13/2007', 1533)
('11/15/2007', 1531)
('04/26/2007', 1563)
('01/13/2007', 1439)
('12/20/2007', 1560)
('08/15/2007', 1688)
('03/25/2007', 1305)
('04/30/2007', 1505)
('08/02/2007', 1626)
('03/27/2007', 1480)
('06/28/2007', 1459)
('07/25/2007', 1667)
('07/09/2007', 1356)
('03/04/2007', 1243)
('10/18/2007', 1661)
('04/10/2007', 1390)
('08/18/2007', 1465)
('10/12/2007', 1658)
('09/17/2007', 1410)
('12/18/2007', 1497)
('01/24/2007', 1496)
('04/20/2007', 1728)
('11/23/2007', 1386)
('04/09/2007', 1199)
('08/09/2007', 1598)
('03/17/2007', 1015)
('08/23/2007', 1565)
('10/03/2007', 1629)
('10/30/2007', 1504)
('06/06/2007', 1654)
('10/22/2007', 1515)
('04/19/2007', 1548)
('10/11/2007', 1470)
('07/12/2007', 1600)
('09/09/2007', 1474)
('04/13/2007', 1601)
('02/19/2007', 1104)
('06/10/2007', 1427)
('11/06/2007', 1346)
('11/27/2007', 1517)
