('04/08/2008', 1432)
('08/15/2008', 1618)
('04/25/2008', 1444)
('03/05/2008', 1485)
('03/22/2008', 1460)
('04/24/2008', 1431)
('04/12/2008', 1536)
('11/25/2008', 1469)
('06/20/2008', 1800)
('06/30/2008', 1367)
('03/06/2008', 1518)
('06/24/2008', 1623)
('07/24/2008', 1526)
('08/21/2008', 1489)
('10/23/2008', 1409)
('07/20/2008', 1408)
('01/08/2008', 1593)
('03/08/2008', 1367)
('10/04/2008', 1468)
('06/11/2008', 1554)
('03/15/2008', 1499)
('01/09/2008', 1498)
('04/27/2008', 1151)
('10/13/2008', 1267)
('01/31/2008', 1419)
('04/05/2008', 1535)
('01/02/2008', 1257)
('10/09/2008', 1481)
('10/24/2008', 1697)
('01/30/2008', 1415)
('10/20/2008', 1435)
('01/06/2008', 1282)
('09/27/2008', 1438)
('05/03/2008', 1435)
('01/13/2008', 1347)
('07/21/2008', 1404)
('12/14/2008', 1166)
('03/02/2008', 1257)
('08/01/2008', 1976)
('07/22/2008', 1571)
('05/02/2008', 1578)
('10/31/2008', 1612)
('11/28/2008', 1456)
('12/19/2008', 1188)
('08/07/2008', 1571)
('06/07/2008', 1465)
('01/05/2008', 1538)
('02/14/2008', 1370)
('06/22/2008', 1349)
('01/23/2008', 1449)
('05/08/2008', 1577)
('07/07/2008', 1337)
('07/02/2008', 1528)
('06/08/2008', 1373)
('08/20/2008', 1609)
('05/21/2008', 1539)
('07/08/2008', 1415)
('08/16/2008', 1489)
('02/18/2008', 1205)
('10/01/2008', 1753)
('09/23/2008', 1465)
('11/05/2008', 1445)
('02/29/2008', 1436)
('11/04/2008', 1215)
('04/28/2008', 1167)
('12/15/2008', 1336)
('07/12/2008', 1460)
('11/27/2008', 901)
('05/05/2008', 1391)
('08/31/2008', 1357)
('03/26/2008', 1513)
('05/14/2008', 1579)
('03/21/2008', 1508)
('03/29/2008', 1412)
('12/03/2008', 1412)
('09/10/2008', 1522)
('05/26/2008', 1251)
('06/26/2008', 1566)
('08/04/2008', 1451)
('06/29/2008', 1322)
('02/07/2008', 1476)
('12/16/2008', 1347)
('07/05/2008', 1460)
('02/03/2008', 1371)
('05/20/2008', 1397)
('01/25/2008', 1515)
('07/01/2008', 1895)
('01/12/2008', 1517)
('01/17/2008', 1532)
('09/29/2008', 1435)
('02/01/2008', 1802)
('09/24/2008', 1537)
('10/07/2008', 1416)
('09/06/2008', 1317)
('05/31/2008', 1357)
('12/24/2008', 1060)
('02/17/2008', 1153)
('05/22/2008', 1499)
('03/14/2008', 1606)
('02/24/2008', 1124)
('11/16/2008', 1182)
('03/23/2008', 1173)
('03/25/2008', 1498)
('06/01/2008', 1745)
('06/21/2008', 1556)
('03/13/2008', 1479)
('07/04/2008', 1311)
('03/09/2008', 1223)
('03/20/2008', 1596)
('04/10/2008', 1540)
('07/11/2008', 1708)
('04/04/2008', 1578)
('01/14/2008', 1398)
('11/26/2008', 1439)
('11/23/2008', 1085)
('10/05/2008', 1255)
('10/03/2008', 1642)
('10/08/2008', 1524)
('08/27/2008', 1475)
('06/03/2008', 1643)
('09/03/2008', 1494)
('05/13/2008', 1531)
('02/25/2008', 1271)
('10/06/2008', 1332)
('11/11/2008', 1336)
('10/11/2008', 1474)
('05/25/2008', 1286)
('05/15/2008', 1569)
('11/15/2008', 1429)
('09/13/2008', 1559)
('01/01/2008', 2312)
('05/28/2008', 1569)
('09/12/2008', 1606)
('05/29/2008', 1468)
('06/14/2008', 1470)
('03/01/2008', 1682)
('02/05/2008', 1455)
('01/11/2008', 1668)
('10/16/2008', 1522)
('07/26/2008', 1484)
('02/04/2008', 1297)
('11/19/2008', 1433)
('01/15/2008', 1488)
('10/12/2008', 1339)
('09/30/2008', 1432)
('05/09/2008', 1489)
('05/10/2008', 1443)
('02/27/2008', 1466)
('12/28/2008', 1254)
('08/06/2008', 1529)
('09/05/2008', 1758)
('03/31/2008', 1335)
('02/28/2008', 1382)
('01/19/2008', 1569)
('10/27/2008', 1362)
('04/01/2008', 1801)
('12/26/2008', 1299)
('11/10/2008', 1325)
('04/17/2008', 1443)
('12/27/2008', 1329)
('07/03/2008', 1570)
('11/14/2008', 1590)
('04/13/2008', 1311)
('12/23/2008', 1307)
('06/12/2008', 1582)
('07/31/2008', 1498)
('05/01/2008', 1776)
('05/11/2008', 1233)
('09/07/2008', 1323)
('09/01/2008', 1597)
('08/23/2008', 1488)
('11/17/2008', 1298)
('09/04/2008', 1497)
('05/30/2008', 1669)
('08/05/2008', 1540)
('12/29/2008', 1246)
('04/21/2008', 1275)
('08/24/2008', 1411)
('01/16/2008', 1499)
('11/12/2008', 1443)
('05/16/2008', 1474)
('08/09/2008', 1518)
('11/21/2008', 1593)
('03/07/2008', 1618)
('07/10/2008', 1525)
('01/24/2008', 1436)
('07/15/2008', 1514)
('03/03/2008', 1370)
('10/18/2008', 1491)
('09/15/2008', 1561)
('10/10/2008', 1773)
('09/20/2008', 1592)
('09/18/2008', 1625)
('04/20/2008', 1261)
('01/21/2008', 1200)
('09/08/2008', 1465)
('08/18/2008', 1411)
('02/11/2008', 1134)
('03/11/2008', 1442)
('02/15/2008', 1740)
('12/01/2008', 1675)
('12/04/2008', 1347)
('07/25/2008', 1659)
('08/26/2008', 1501)
('10/25/2008', 1450)
('04/19/2008', 1419)
('08/03/2008', 1455)
('04/11/2008', 1676)
('05/18/2008', 1271)
('11/02/2008', 1217)
('04/26/2008', 1402)
('07/23/2008', 1680)
('08/25/2008', 1417)
('11/22/2008', 1313)
('12/10/2008', 1508)
('11/08/2008', 1452)
('07/16/2008', 1486)
('02/26/2008', 1303)
('02/23/2008', 1344)
('03/27/2008', 1507)
('12/22/2008', 1116)
('10/17/2008', 1662)
('04/22/2008', 1407)
('08/10/2008', 1406)
('06/28/2008', 1485)
('01/26/2008', 1397)
('02/10/2008', 1140)
('02/20/2008', 1399)
('08/29/2008', 1501)
('01/27/2008', 1229)
('12/18/2008', 1482)
('10/19/2008', 1230)
('10/28/2008', 1178)
('12/07/2008', 1093)
('08/12/2008', 1547)
('03/30/2008', 1173)
('07/19/2008', 1488)
('04/16/2008', 1529)
('11/09/2008', 1282)
('07/18/2008', 1626)
('06/25/2008', 1582)
('12/11/2008', 1283)
('03/16/2008', 1226)
('04/07/2008', 1382)
('02/19/2008', 1394)
('04/18/2008', 1614)
('07/17/2008', 1602)
('03/12/2008', 1539)
('07/27/2008', 1355)
('04/03/2008', 1476)
('12/20/2008', 1288)
('07/28/2008', 1498)
('11/06/2008', 1460)
('01/28/2008', 1250)
('07/13/2008', 1315)
('11/13/2008', 1328)
('05/27/2008', 1586)
('09/11/2008', 1522)
('12/08/2008', 1222)
('09/16/2008', 1492)
('03/04/2008', 1433)
('12/09/2008', 1420)
('12/31/2008', 1183)
('08/02/2008', 1586)
('12/02/2008', 1496)
('04/14/2008', 1361)
('12/30/2008', 1226)
('07/14/2008', 1401)
('12/06/2008', 1331)
('12/13/2008', 1399)
('08/19/2008', 1563)
('06/05/2008', 1536)
('10/02/2008', 1540)
('01/29/2008', 1347)
('08/13/2008', 1559)
('10/22/2008', 1371)
('08/14/2008', 1446)
('06/10/2008', 1515)
('10/15/2008', 1644)
('04/09/2008', 1487)
('02/21/2008', 1360)
('09/09/2008', 1439)
('02/12/2008', 1174)
('03/24/2008', 1299)
('05/24/2008', 1398)
('09/14/2008', 1438)
('09/19/2008', 1670)
('11/18/2008', 1361)
('06/04/2008', 1531)
('04/23/2008', 1449)
('02/02/2008', 1538)
('09/26/2008', 1474)
('08/08/2008', 1664)
('09/17/2008', 1541)
('02/22/2008', 1239)
('05/17/2008', 1461)
('04/06/2008', 1265)
('01/10/2008', 1692)
('09/22/2008', 1369)
('02/08/2008', 1687)
('07/29/2008', 1653)
('04/29/2008', 1310)
('05/12/2008', 1280)
('09/02/2008', 1519)
('05/07/2008', 1495)
('11/29/2008', 1286)
('05/19/2008', 1265)
('03/18/2008', 1416)
('03/10/2008', 1405)
('08/17/2008', 1486)
('08/11/2008', 1391)
('12/21/2008', 1094)
('06/02/2008', 1461)
('12/05/2008', 1584)
('08/28/2008', 1599)
('05/23/2008', 1682)
('06/19/2008', 1533)
('01/04/2008', 1576)
('10/30/2008', 1477)
('11/01/2008', 1852)
('02/09/2008', 1427)
('08/30/2008', 1529)
('07/09/2008', 1489)
('04/02/2008', 1554)
('03/28/2008', 1613)
('07/30/2008', 1564)
('10/14/2008', 1557)
('11/24/2008', 1387)
('01/20/2008', 1229)
('06/09/2008', 1332)
('05/06/2008', 1594)
('02/06/2008', 1541)
('06/15/2008', 1302)
('11/20/2008', 1515)
('02/13/2008', 1224)
('02/16/2008', 1419)
('10/26/2008', 1234)
('01/22/2008', 1431)
('06/16/2008', 1506)
('04/30/2008', 1429)
('03/17/2008', 1329)
('10/21/2008', 1473)
('09/28/2008', 1377)
('06/17/2008', 1546)
('08/22/2008', 1605)
('10/29/2008', 1416)
('09/25/2008', 1488)
('06/13/2008', 1755)
('06/23/2008', 1355)
('11/07/2008', 1636)
('01/18/2008', 1682)
('03/19/2008', 1344)
('06/18/2008', 1513)
('09/21/2008', 1327)
('05/04/2008', 1240)
('04/15/2008', 1542)
('06/06/2008', 1722)
('01/03/2008', 1320)
('06/27/2008', 1579)
('11/03/2008', 1306)
('07/06/2008', 1251)
('12/25/2008', 879)
('01/07/2008', 1450)
('12/17/2008', 1397)
('12/12/2008', 1544)
('11/30/2008', 1144)
