('05/02/2009', 1447)
('10/30/2009', 1643)
('06/15/2009', 1395)
('10/31/2009', 1539)
('07/09/2009', 1533)
('12/19/2009', 1092)
('04/02/2009', 1454)
('08/07/2009', 1651)
('06/07/2009', 1340)
('07/30/2009', 1486)
('02/14/2009', 1307)
('10/14/2009', 1449)
('11/24/2009', 1396)
('05/08/2009', 1700)
('02/06/2009', 1404)
('11/20/2009', 1754)
('02/13/2009', 1565)
('07/02/2009', 1458)
('07/08/2009', 1473)
('08/16/2009', 1340)
('10/21/2009', 1625)
('02/18/2009', 1279)
('06/17/2009', 1511)
('08/22/2009', 1479)
('10/29/2009', 1433)
('11/05/2009', 1434)
('09/25/2009', 1609)
('06/13/2009', 1471)
('01/18/2009', 1051)
('12/15/2009', 1474)
('09/21/2009', 1436)
('04/15/2009', 1324)
('01/03/2009', 1378)
('11/27/2009', 1405)
('06/06/2009', 1378)
('12/25/2009', 858)
('01/07/2009', 1299)
('12/12/2009', 1374)
('03/05/2009', 1490)
('06/29/2009', 1361)
('08/15/2009', 1618)
('04/08/2009', 1479)
('04/24/2009', 1599)
('05/26/2009', 1392)
('03/26/2009', 1310)
('06/20/2009', 1460)
('02/07/2009', 1321)
('06/24/2009', 1450)
('02/03/2009', 1115)
('05/20/2009', 1583)
('01/17/2009', 1304)
('10/23/2009', 1664)
('02/01/2009', 1463)
('09/24/2009', 1545)
('09/06/2009', 1342)
('06/11/2009', 1419)
('01/09/2009', 1579)
('05/31/2009', 1251)
('10/09/2009', 1573)
('12/24/2009', 1062)
('01/30/2009', 1446)
('05/22/2009', 1561)
('09/27/2009', 1272)
('05/03/2009', 1139)
('12/14/2009', 1273)
('11/16/2009', 1398)
('07/21/2009', 1377)
('06/01/2009', 1733)
('06/21/2009', 1287)
('11/28/2009', 1321)
('03/13/2009', 1561)
('07/04/2009', 1526)
('03/20/2009', 1524)
('01/05/2009', 1405)
('06/22/2009', 1444)
('04/10/2009', 1432)
('01/23/2009', 1609)
('07/11/2009', 1462)
('06/08/2009', 1422)
('11/23/2009', 1319)
('07/07/2009', 1423)
('08/20/2009', 1635)
('05/21/2009', 1472)
('10/08/2009', 1520)
('08/27/2009', 1570)
('06/03/2009', 1431)
('05/13/2009', 1597)
('10/01/2009', 1745)
('09/23/2009', 1518)
('02/25/2009', 1410)
('11/04/2009', 1433)
('10/06/2009', 1513)
('04/28/2009', 1458)
('10/11/2009', 1269)
('07/12/2009', 1244)
('05/15/2009', 1673)
('05/05/2009', 1449)
('09/13/2009', 1341)
('05/28/2009', 1417)
('08/31/2009', 1353)
('05/14/2009', 1398)
('03/21/2009', 1417)
('07/31/2009', 1491)
('09/10/2009', 1460)
('06/26/2009', 1534)
('02/05/2009', 1225)
('08/04/2009', 1556)
('01/11/2009', 995)
('07/26/2009', 1324)
('01/15/2009', 1332)
('12/16/2009', 1390)
('12/03/2009', 1424)
('02/27/2009', 1590)
('01/25/2009', 1056)
('12/28/2009', 1204)
('07/05/2009', 1317)
('07/01/2009', 1792)
('01/12/2009', 1309)
('09/29/2009', 1354)
('03/31/2009', 1451)
('10/07/2009', 1425)
('01/19/2009', 1035)
('04/01/2009', 1770)
('12/26/2009', 1050)
('11/10/2009', 1550)
('11/14/2009', 1319)
('02/17/2009', 1354)
('03/14/2009', 1425)
('02/24/2009', 1357)
('03/29/2009', 1222)
('06/12/2009', 1557)
('06/14/2009', 1335)
('03/23/2009', 1171)
('03/25/2009', 1478)
('08/05/2009', 1566)
('04/04/2009', 1335)
('01/24/2009', 1356)
('11/21/2009', 1441)
('03/09/2009', 1284)
('11/12/2009', 1325)
('08/09/2009', 1387)
('04/21/2009', 1418)
('01/14/2009', 1371)
('11/26/2009', 881)
('05/11/2009', 1400)
('10/05/2009', 1387)
('08/23/2009', 1366)
('10/03/2009', 1511)
('09/03/2009', 1385)
('09/04/2009', 1589)
('11/11/2009', 1378)
('05/25/2009', 1299)
('11/15/2009', 1350)
('01/01/2009', 2059)
('07/15/2009', 1570)
('09/12/2009', 1470)
('05/29/2009', 1561)
('09/15/2009', 1538)
('03/01/2009', 1406)
('09/20/2009', 1283)
('10/16/2009', 1477)
('09/08/2009', 1420)
('02/04/2009', 1235)
('11/19/2009', 1483)
('08/18/2009', 1445)
('10/12/2009', 1162)
('09/30/2009', 1453)
('03/11/2009', 1576)
('05/10/2009', 1281)
('08/06/2009', 1529)
('12/04/2009', 1527)
('05/09/2009', 1499)
('09/05/2009', 1549)
('08/03/2009', 1316)
('02/28/2009', 1400)
('10/27/2009', 1376)
('04/17/2009', 1480)
('12/27/2009', 1185)
('08/25/2009', 1550)
('07/03/2009', 1539)
('04/13/2009', 1175)
('12/23/2009', 1282)
('02/23/2009', 1128)
('05/01/2009', 1871)
('12/22/2009', 1295)
('05/30/2009', 1373)
('12/29/2009', 1181)
('10/17/2009', 1421)
('03/07/2009', 1555)
('08/10/2009', 1375)
('01/26/2009', 1158)
('02/10/2009', 1506)
('08/29/2009', 1427)
('10/19/2009', 1244)
('07/13/2009', 1317)
('10/28/2009', 1327)
('05/16/2009', 1406)
('08/12/2009', 1519)
('09/07/2009', 1251)
('09/01/2009', 1818)
('07/19/2009', 1427)
('04/16/2009', 1334)
('11/09/2009', 1360)
('08/24/2009', 1376)
('06/25/2009', 1511)
('12/11/2009', 1435)
('04/07/2009', 1399)
('04/18/2009', 1442)
('07/17/2009', 1556)
('01/16/2009', 1331)
('04/03/2009', 1470)
('12/20/2009', 930)
('07/28/2009', 1555)
('11/17/2009', 1520)
('01/28/2009', 1168)
('07/10/2009', 1505)
('09/11/2009', 1328)
('03/03/2009', 1147)
('12/08/2009', 1370)
('03/04/2009', 1305)
('10/18/2009', 1121)
('10/10/2009', 1519)
('12/31/2009', 1153)
('12/02/2009', 1473)
('09/18/2009', 1692)
('04/20/2009', 1217)
('04/14/2009', 1248)
('01/21/2009', 1353)
('12/06/2009', 1151)
('02/11/2009', 1506)
('12/13/2009', 1114)
('06/05/2009', 1377)
('10/02/2009', 1620)
('02/15/2009', 1219)
('12/01/2009', 1682)
('08/26/2009', 1562)
('10/25/2009', 1315)
('07/25/2009', 1455)
('10/22/2009', 1546)
('04/19/2009', 1131)
('04/11/2009', 1258)
('05/18/2009', 1315)
('08/14/2009', 1620)
('06/10/2009', 1530)
('04/09/2009', 1471)
('10/15/2009', 1355)
('11/02/2009', 1414)
('07/23/2009', 1365)
('02/21/2009', 1399)
('11/22/2009', 1199)
('04/26/2009', 1360)
('12/10/2009', 1364)
('02/12/2009', 1487)
('11/08/2009', 1276)
('03/24/2009', 1420)
('07/16/2009', 1505)
('02/26/2009', 1542)
('05/24/2009', 1242)
('03/27/2009', 1666)
('09/19/2009', 1439)
('04/22/2009', 1418)
('11/18/2009', 1484)
('06/28/2009', 1429)
('04/23/2009', 1455)
('09/26/2009', 1395)
('01/27/2009', 1326)
('09/17/2009', 1585)
('12/18/2009', 1385)
('05/17/2009', 1234)
('09/22/2009', 1470)
('12/07/2009', 1293)
('04/29/2009', 1557)
('11/29/2009', 1191)
('03/30/2009', 1337)
('09/02/2009', 1492)
('05/19/2009', 1335)
('07/18/2009', 1551)
('03/16/2009', 1307)
('02/19/2009', 1278)
('03/12/2009', 1438)
('07/27/2009', 1360)
('11/06/2009', 1508)
('02/20/2009', 1459)
('11/13/2009', 1515)
('01/04/2009', 1082)
('05/27/2009', 1370)
('11/01/2009', 1646)
('02/09/2009', 1233)
('08/30/2009', 1306)
('09/16/2009', 1535)
('03/28/2009', 1411)
('08/02/2009', 1324)
('12/30/2009', 1349)
('07/14/2009', 1469)
('06/09/2009', 1395)
('01/20/2009', 1373)
('05/06/2009', 1534)
('08/19/2009', 1499)
('02/16/2009', 1167)
('10/26/2009', 1351)
('01/22/2009', 1370)
('04/30/2009', 1516)
('06/16/2009', 1510)
('01/29/2009', 1365)
('03/17/2009', 1393)
('08/13/2009', 1554)
('09/28/2009', 1257)
('06/23/2009', 1540)
('11/07/2009', 1400)
('03/19/2009', 1419)
('06/18/2009', 1256)
('05/04/2009', 1225)
('09/09/2009', 1445)
('06/27/2009', 1484)
('11/03/2009', 1332)
('07/06/2009', 1333)
('11/30/2009', 1198)
('12/17/2009', 1229)
('12/09/2009', 1351)
('09/14/2009', 1331)
('04/25/2009', 1412)
('04/05/2009', 1240)
('03/22/2009', 1229)
('04/12/2009', 1096)
('11/25/2009', 1491)
('06/04/2009', 1283)
('06/30/2009', 1486)
('02/02/2009', 1316)
('03/06/2009', 1562)
('02/22/2009', 1085)
('05/07/2009', 1369)
('04/06/2009', 1192)
('01/10/2009', 1214)
('07/24/2009', 1527)
('02/08/2009', 1133)
('08/21/2009', 1515)
('07/20/2009', 1451)
('05/12/2009', 1563)
('08/08/2009', 1481)
('03/08/2009', 1213)
('01/08/2009', 1438)
('03/15/2009', 1301)
('10/04/2009', 1372)
('03/18/2009', 1507)
('04/27/2009', 1345)
('10/13/2009', 1439)
('03/10/2009', 1504)
('01/31/2009', 1290)
('08/17/2009', 1438)
('01/02/2009', 1343)
('08/11/2009', 1455)
('12/21/2009', 1074)
('10/20/2009', 1480)
('06/02/2009', 1517)
('01/06/2009', 1288)
('12/05/2009', 1319)
('08/28/2009', 1431)
('07/29/2009', 1386)
('01/13/2009', 1487)
('05/23/2009', 1463)
('07/22/2009', 1509)
('03/02/2009', 877)
('06/19/2009', 1577)
('08/01/2009', 1846)
('10/24/2009', 1349)
