('01/29/2010', 1367)
('08/13/2010', 1509)
('10/05/2010', 1539)
('01/08/2010', 1497)
('01/09/2010', 1300)
('08/27/2010', 1516)
('04/20/2010', 1606)
('01/31/2010', 1048)
('09/03/2010', 1611)
('06/03/2010', 1541)
('04/19/2010', 1382)
('02/21/2010', 1180)
('01/30/2010', 1203)
('08/03/2010', 1318)
('10/20/2010', 1645)
('07/10/2010', 1556)
('10/24/2010', 1314)
('07/15/2010', 1578)
('05/25/2010', 1613)
('03/02/2010', 1349)
('05/15/2010', 1483)
('08/15/2010', 1451)
('03/23/2010', 1413)
('07/20/2010', 1573)
('04/24/2010', 1385)
('12/02/2010', 1364)
('10/18/2010', 1331)
('12/06/2010', 1147)
('03/06/2010', 1443)
('08/21/2010', 1447)
('07/25/2010', 1333)
('07/21/2010', 1484)
('09/08/2010', 1619)
('07/24/2010', 1454)
('04/25/2010', 1132)
('05/19/2010', 1430)
('08/20/2010', 1530)
('07/11/2010', 1294)
('08/17/2010', 1440)
('09/23/2010', 1577)
('02/28/2010', 1059)
('03/31/2010', 1325)
('11/05/2010', 1574)
('10/27/2010', 1504)
('01/19/2010', 1476)
('11/04/2010', 1307)
('04/28/2010', 1548)
('02/26/2010', 933)
('02/23/2010', 1233)
('06/19/2010', 1486)
('05/05/2010', 1590)
('04/07/2010', 1457)
('07/31/2010', 1438)
('09/19/2010', 1425)
('03/01/2010', 1583)
('06/14/2010', 1348)
('03/11/2010', 1417)
('08/10/2010', 1566)
('01/10/2010', 1215)
('01/05/2010', 1355)
('07/26/2010', 1355)
('12/01/2010', 1531)
('11/19/2010', 1582)
('12/04/2010', 1350)
('08/29/2010', 1369)
('05/10/2010', 1365)
('11/09/2010', 1409)
('02/27/2010', 1248)
('04/30/2010', 1614)
('02/01/2010', 1489)
('09/07/2010', 1432)
('05/11/2010', 1402)
('03/29/2010', 1082)
('08/23/2010', 1202)
('09/25/2010', 1578)
('04/03/2010', 1327)
('09/21/2010', 1499)
('06/18/2010', 1631)
('03/17/2010', 1515)
('02/17/2010', 1221)
('11/13/2010', 1533)
('05/22/2010', 1528)
('01/07/2010', 1544)
('10/15/2010', 1635)
('01/03/2010', 1049)
('05/27/2010', 1476)
('06/26/2010', 1496)
('05/26/2010', 1492)
('09/16/2010', 1349)
('10/28/2010', 1552)
('11/24/2010', 1477)
('12/16/2010', 1266)
('01/24/2010', 1195)
('11/20/2010', 1508)
('04/14/2010', 1479)
('08/09/2010', 1306)
('10/03/2010', 1287)
('11/12/2010', 1636)
('08/26/2010', 1443)
('04/26/2010', 1174)
('08/14/2010', 1504)
('10/13/2010', 1518)
('10/09/2010', 1559)
('01/02/2010', 1179)
('05/13/2010', 1498)
('09/09/2010', 1485)
('03/18/2010', 1469)
('01/06/2010', 1431)
('04/05/2010', 1288)
('10/06/2010', 1533)
('11/02/2010', 1243)
('07/23/2010', 1499)
('12/14/2010', 1225)
('08/01/2010', 1625)
('09/13/2010', 1238)
('03/25/2010', 1500)
('03/08/2010', 1334)
('08/02/2010', 1398)
('06/01/2010', 1788)
('04/12/2010', 1327)
('06/20/2010', 1358)
('11/25/2010', 914)
('09/15/2010', 1590)
('05/12/2010', 1442)
('06/24/2010', 1483)
('03/20/2010', 1471)
('01/21/2010', 1482)
('06/04/2010', 1692)
('09/26/2010', 1329)
('08/16/2010', 1335)
('08/06/2010', 1618)
('03/30/2010', 1065)
('08/11/2010', 1576)
('06/28/2010', 1433)
('07/27/2010', 1474)
('08/28/2010', 1393)
('12/26/2010', 645)
('10/21/2010', 1525)
('12/15/2010', 1268)
('12/27/2010', 450)
('07/12/2010', 1395)
('07/03/2010', 1390)
('05/09/2010', 1173)
('02/19/2010', 1351)
('06/13/2010', 1237)
('01/04/2010', 1220)
('06/23/2010', 1520)
('06/12/2010', 1418)
('12/20/2010', 1203)
('11/06/2010', 1413)
('09/12/2010', 1256)
('04/22/2010', 1547)
('04/06/2010', 1399)
('02/05/2010', 1566)
('03/27/2010', 1316)
('09/22/2010', 1456)
('02/14/2010', 1029)
('02/04/2010', 1339)
('07/29/2010', 1577)
('12/18/2010', 1343)
('04/29/2010', 1480)
('09/01/2010', 1830)
('09/24/2010', 1624)
('10/22/2010', 1603)
('04/15/2010', 1526)
('04/09/2010', 1536)
('06/27/2010', 1331)
('11/30/2010', 1304)
('02/24/2010', 1374)
('01/16/2010', 1453)
('09/04/2010', 1554)
('06/10/2010', 1537)
('12/12/2010', 1041)
('12/17/2010', 1515)
('06/30/2010', 1487)
('02/09/2010', 1226)
('03/28/2010', 1156)
('07/28/2010', 1431)
('05/30/2010', 1318)
('09/11/2010', 1616)
('08/04/2010', 1411)
('03/04/2010', 1465)
('10/14/2010', 1540)
('12/03/2010', 1492)
('07/05/2010', 1319)
('11/17/2010', 1492)
('02/13/2010', 1277)
('02/16/2010', 1046)
('07/01/2010', 1782)
('05/16/2010', 1266)
('03/15/2010', 1287)
('04/21/2010', 1480)
('10/25/2010', 1384)
('12/13/2010', 1211)
('10/08/2010', 1610)
('05/07/2010', 1689)
('09/02/2010', 1516)
('02/25/2010', 1099)
('04/11/2010', 1236)
('09/27/2010', 1312)
('11/11/2010', 1336)
('11/22/2010', 1288)
('08/25/2010', 1408)
('12/21/2010', 1327)
('06/02/2010', 1527)
('11/15/2010', 1381)
('05/28/2010', 1623)
('11/08/2010', 1191)
('03/03/2010', 1458)
('02/12/2010', 1405)
('06/21/2010', 1361)
('09/14/2010', 1398)
('05/24/2010', 1362)
('08/08/2010', 1424)
('03/13/2010', 1048)
('03/09/2010', 1429)
('07/04/2010', 1349)
('10/10/2010', 1390)
('11/18/2010', 1567)
('02/02/2010', 1380)
('04/23/2010', 1616)
('08/18/2010', 1454)
('01/14/2010', 1506)
('04/04/2010', 1171)
('11/29/2010', 1291)
('01/23/2010', 1464)
('06/08/2010', 1494)
('07/19/2010', 1388)
('10/26/2010', 1492)
('06/15/2010', 1486)
('04/01/2010', 1716)
('07/18/2010', 1303)
('04/17/2010', 1442)
('11/10/2010', 1561)
('06/06/2010', 1336)
('09/28/2010', 1429)
('08/22/2010', 1230)
('10/07/2010', 1508)
('04/13/2010', 1452)
('11/14/2010', 1216)
('04/18/2010', 1210)
('01/18/2010', 1220)
('11/07/2010', 1243)
('08/07/2010', 1439)
('11/03/2010', 1456)
('12/25/2010', 763)
('05/29/2010', 1461)
('12/22/2010', 1309)
('10/30/2010', 1383)
('05/08/2010', 1448)
('10/16/2010', 1437)
('01/11/2010', 1226)
('07/09/2010', 1549)
('08/30/2010', 1366)
('06/22/2010', 1435)
('01/26/2010', 1384)
('03/21/2010', 1303)
('10/12/2010', 1467)
('01/15/2010', 1787)
('01/27/2010', 1393)
('10/19/2010', 1392)
('07/07/2010', 1438)
('07/30/2010', 1479)
('07/02/2010', 1495)
('12/28/2010', 788)
('01/20/2010', 1514)
('02/06/2010', 1253)
('05/06/2010', 1562)
('10/23/2010', 1562)
('05/31/2010', 1237)
('06/11/2010', 1653)
('06/09/2010', 1365)
('10/04/2010', 1186)
('03/14/2010', 1092)
('04/27/2010', 1436)
('11/16/2010', 1360)
('07/22/2010', 1557)
('03/05/2010', 1607)
('05/03/2010', 1296)
('03/24/2010', 1509)
('12/29/2010', 965)
('08/05/2010', 1473)
('07/06/2010', 1390)
('04/08/2010', 1549)
('12/08/2010', 1280)
('12/09/2010', 1246)
('03/22/2010', 1151)
('12/31/2010', 1147)
('11/21/2010', 1186)
('12/30/2010', 1123)
('07/14/2010', 1448)
('01/12/2010', 1348)
('01/17/2010', 1224)
('08/19/2010', 1420)
('06/05/2010', 1518)
('10/02/2010', 1556)
('05/21/2010', 1682)
('05/18/2010', 1236)
('03/10/2010', 1559)
('10/01/2010', 1835)
('02/18/2010', 1327)
('09/05/2010', 1395)
('10/11/2010', 1248)
('12/10/2010', 1466)
('12/05/2010', 1090)
('01/01/2010', 2381)
('07/16/2010', 1604)
('05/23/2010', 1249)
('12/23/2010', 1313)
('01/13/2010', 1411)
('05/02/2010', 1360)
('09/20/2010', 1335)
('09/18/2010', 1508)
('11/28/2010', 1177)
('10/31/2010', 1393)
('12/19/2010', 1127)
('04/10/2010', 1496)
('02/11/2010', 1104)
('02/22/2010', 1201)
('09/17/2010', 1565)
('07/08/2010', 1459)
('11/26/2010', 1427)
('05/17/2010', 1359)
('11/23/2010', 1403)
('02/15/2010', 1023)
('02/08/2010', 1092)
('06/07/2010', 1385)
('12/11/2010', 1377)
('04/16/2010', 1539)
('01/22/2010', 1655)
('09/29/2010', 1554)
('06/16/2010', 1506)
('06/25/2010', 1660)
('06/17/2010', 1555)
('03/16/2010', 1449)
('07/13/2010', 1320)
('10/29/2010', 1662)
('09/06/2010', 1291)
('08/24/2010', 1373)
('03/12/2010', 1449)
('07/17/2010', 1503)
('03/19/2010', 1570)
('05/04/2010', 1452)
('12/24/2010', 1145)
('02/20/2010', 1471)
('01/28/2010', 1284)
('11/27/2010', 1349)
('10/17/2010', 1288)
('11/01/2010', 1484)
('08/31/2010', 1363)
('05/14/2010', 1592)
('06/29/2010', 1503)
('05/01/2010', 1664)
('03/26/2010', 1523)
('02/10/2010', 847)
('04/02/2010', 1403)
('09/30/2010', 1462)
('09/10/2010', 1626)
('03/07/2010', 1254)
('02/07/2010', 1065)
('12/07/2010', 1274)
('08/12/2010', 1438)
('02/03/2010', 1398)
('01/25/2010', 1190)
('05/20/2010', 1633)
