('08/20/2011', 1519)
('04/16/2011', 1213)
('01/22/2011', 1223)
('07/13/2011', 1502)
('06/16/2011', 1541)
('08/17/2011', 1410)
('06/25/2011', 1553)
('09/23/2011', 1414)
('12/11/2011', 1040)
('02/28/2011', 1188)
('09/06/2011', 1141)
('10/27/2011', 1217)
('11/04/2011', 1515)
('07/17/2011', 1371)
('04/28/2011', 1360)
('03/19/2011', 1406)
('02/26/2011', 1355)
('05/04/2011', 1325)
('12/24/2011', 1082)
('06/19/2011', 1346)
('05/05/2011', 1385)
('01/28/2011', 1246)
('11/27/2011', 1263)
('10/17/2011', 1325)
('11/01/2011', 1726)
('06/29/2011', 1434)
('02/10/2011', 1415)
('03/26/2011', 1257)
('03/01/2011', 1689)
('01/10/2011', 1195)
('01/05/2011', 1366)
('12/01/2011', 1608)
('11/19/2011', 1420)
('02/07/2011', 1214)
('08/12/2011', 1512)
('05/10/2011', 1551)
('02/03/2011', 1320)
('05/20/2011', 1656)
('03/29/2011', 1193)
('09/07/2011', 1168)
('01/08/2011', 1183)
('09/25/2011', 1382)
('08/27/2011', 1025)
('01/31/2011', 1100)
('06/03/2011', 1584)
('09/21/2011', 1519)
('02/21/2011', 1069)
('01/03/2011', 1138)
('08/03/2011', 1392)
('02/17/2011', 1494)
('10/20/2011', 1563)
('11/13/2011', 1214)
('01/07/2011', 1334)
('07/15/2011', 1657)
('03/02/2011', 1446)
('05/15/2011', 1255)
('07/20/2011', 1516)
('05/27/2011', 1601)
('04/25/2011', 1203)
('06/26/2011', 1351)
('12/02/2011', 1481)
('09/16/2011', 1476)
('12/06/2011', 1287)
('11/24/2011', 899)
('12/16/2011', 1551)
('03/06/2011', 1075)
('08/21/2011', 1297)
('11/20/2011', 1232)
('09/08/2011', 1349)
('07/24/2011', 1378)
('10/24/2011', 1312)
('10/03/2011', 1204)
('05/19/2011', 1514)
('07/11/2011', 1323)
('08/26/2011', 1424)
('04/26/2011', 1375)
('05/12/2011', 1557)
('10/09/2011', 1279)
('09/09/2011', 1516)
('03/31/2011', 1312)
('11/05/2011', 1394)
('03/18/2011', 1579)
('01/19/2011', 1389)
('11/02/2011', 1373)
('07/23/2011', 1386)
('12/14/2011', 1431)
('02/23/2011', 1257)
('04/07/2011', 1464)
('06/14/2011', 1436)
('03/25/2011', 1516)
('09/19/2011', 1310)
('08/02/2011', 1404)
('06/20/2011', 1402)
('07/31/2011', 1316)
('06/24/2011', 1529)
('03/11/2011', 1574)
('08/10/2011', 1535)
('01/21/2011', 1375)
('07/26/2011', 1494)
('06/04/2011', 1540)
('12/04/2011', 1174)
('08/29/2011', 1349)
('11/09/2011', 1475)
('02/27/2011', 1230)
('08/06/2011', 1397)
('03/17/2011', 1393)
('03/30/2011', 1358)
('02/01/2011', 1504)
('08/11/2011', 1531)
('05/11/2011', 1544)
('08/23/2011', 1436)
('07/27/2011', 1504)
('08/28/2011', 739)
('10/21/2011', 1559)
('04/03/2011', 1246)
('12/27/2011', 1175)
('06/18/2011', 1438)
('07/12/2011', 1624)
('05/09/2011', 1381)
('07/03/2011', 1236)
('03/27/2011', 1127)
('04/30/2011', 1358)
('02/19/2011', 1290)
('05/22/2011', 1243)
('06/13/2011', 1340)
('10/15/2011', 1273)
('11/06/2011', 1154)
('09/12/2011', 1264)
('04/22/2011', 1396)
('05/26/2011', 1465)
('04/06/2011', 1456)
('06/28/2011', 1562)
('10/28/2011', 1479)
('02/04/2011', 1459)
('07/29/2011', 1412)
('12/18/2011', 1022)
('01/24/2011', 1071)
('04/14/2011', 1550)
('08/09/2011', 1343)
('09/01/2011', 1771)
('11/12/2011', 1391)
('08/14/2011', 1036)
('10/13/2011', 1417)
('01/02/2011', 996)
('05/13/2011', 1614)
('04/15/2011', 1618)
('01/06/2011', 1357)
('02/24/2011', 1265)
('01/16/2011', 1118)
('10/06/2011', 1361)
('12/12/2011', 1307)
('04/05/2011', 1371)
('08/01/2011', 1675)
('09/13/2011', 1373)
('05/30/2011', 1250)
('03/08/2011', 1362)
('06/01/2011', 1942)
('08/04/2011', 1462)
('04/12/2011', 1282)
('11/25/2011', 1514)
('12/03/2011', 1356)
('10/14/2011', 1381)
('09/15/2011', 1421)
('07/05/2011', 1562)
('11/17/2011', 1350)
('03/20/2011', 1239)
('02/13/2011', 1136)
('07/01/2011', 1785)
('05/16/2011', 1280)
('09/26/2011', 1364)
('10/25/2011', 1347)
('08/16/2011', 1368)
('05/07/2011', 1364)
('04/11/2011', 1342)
('09/27/2011', 1483)
('12/26/2011', 1074)
('12/15/2011', 1530)
('11/11/2011', 1404)
('11/22/2011', 1361)
('12/21/2011', 1416)
('06/02/2011', 1441)
('11/15/2011', 1413)
('01/04/2011', 1301)
('06/23/2011', 1468)
('11/08/2011', 1295)
('06/12/2011', 1310)
('12/20/2011', 1424)
('03/03/2011', 1326)
('09/14/2011', 1470)
('08/08/2011', 1283)
('03/09/2011', 1402)
('10/10/2011', 1327)
('02/05/2011', 1276)
('09/22/2011', 1468)
('02/14/2011', 1239)
('02/02/2011', 1165)
('01/14/2011', 1361)
('04/29/2011', 1523)
('04/04/2011', 1287)
('01/23/2011', 1035)
('09/24/2011', 1392)
('07/30/2011', 1465)
('07/09/2011', 1376)
('07/18/2011', 1328)
('04/17/2011', 1193)
('10/22/2011', 1401)
('08/22/2011', 1522)
('10/07/2011', 1548)
('04/13/2011', 1348)
('06/27/2011', 1391)
('03/04/2011', 1502)
('12/17/2011', 1312)
('09/04/2011', 1312)
('06/10/2011', 1529)
('01/18/2011', 1217)
('11/30/2011', 1422)
('12/25/2011', 849)
('06/30/2011', 1451)
('02/09/2011', 1336)
('05/29/2011', 1232)
('07/28/2011', 1458)
('03/28/2011', 1243)
('10/30/2011', 1113)
('09/11/2011', 1187)
('10/16/2011', 1242)
('06/06/2011', 1288)
('06/22/2011', 1498)
('04/09/2011', 1473)
('03/21/2011', 1146)
('10/12/2011', 1348)
('01/27/2011', 945)
('06/08/2011', 1447)
('06/15/2011', 1634)
('02/16/2011', 1454)
('03/15/2011', 1482)
('04/21/2011', 1386)
('02/06/2011', 1104)
('07/07/2011', 1433)
('11/29/2011', 1344)
('12/13/2011', 1341)
('10/08/2011', 1359)
('10/23/2011', 1255)
('09/02/2011', 1462)
('02/25/2011', 1326)
('06/11/2011', 1356)
('03/14/2011', 1241)
('08/25/2011', 1406)
('04/08/2011', 1473)
('05/28/2011', 1427)
('05/03/2011', 1466)
('12/29/2011', 1230)
('02/12/2011', 1369)
('06/21/2011', 1493)
('03/05/2011', 1444)
('05/24/2011', 1480)
('12/09/2011', 1522)
('03/13/2011', 1162)
('07/04/2011', 1412)
('11/18/2011', 1455)
('12/30/2011', 1421)
('07/14/2011', 1554)
('01/12/2011', 1046)
('04/23/2011', 1285)
('08/18/2011', 1378)
('08/19/2011', 1466)
('05/21/2011', 1449)
('07/19/2011', 1420)
('10/26/2011', 1413)
('05/18/2011', 1431)
('04/01/2011', 1686)
('03/10/2011', 1309)
('11/10/2011', 1485)
('09/28/2011', 1480)
('10/01/2011', 1639)
('09/05/2011', 1299)
('11/14/2011', 1376)
('12/10/2011', 1460)
('12/05/2011', 1349)
('04/18/2011', 1298)
('01/01/2011', 2281)
('11/07/2011', 1508)
('07/16/2011', 1452)
('05/23/2011', 1320)
('11/03/2011', 1425)
('12/23/2011', 1412)
('12/22/2011', 1423)
('08/07/2011', 1290)
('09/18/2011', 1176)
('01/11/2011', 1298)
('11/28/2011', 1427)
('08/30/2011', 1439)
('01/26/2011', 1073)
('01/15/2011', 1390)
('02/11/2011', 1527)
('02/22/2011', 1234)
('05/08/2011', 1167)
('10/19/2011', 1380)
('11/26/2011', 1372)
('02/15/2011', 1430)
('07/02/2011', 1448)
('12/28/2011', 1279)
('02/08/2011', 1225)
('01/20/2011', 1422)
('05/06/2011', 1546)
('09/29/2011', 1357)
('05/31/2011', 1358)
('06/17/2011', 1460)
('03/16/2011', 1335)
('10/29/2011', 1097)
('10/04/2011', 1304)
('04/27/2011', 1427)
('08/24/2011', 1441)
('07/06/2011', 1412)
('03/12/2011', 1506)
('02/20/2011', 1131)
('11/16/2011', 1302)
('07/22/2011', 1446)
('03/24/2011', 1366)
('08/05/2011', 1535)
('06/09/2011', 1337)
('08/31/2011', 1357)
('05/14/2011', 1337)
('12/08/2011', 1312)
('05/01/2011', 1473)
('04/02/2011', 1435)
('09/30/2011', 1431)
('03/22/2011', 1398)
('09/10/2011', 1397)
('12/31/2011', 1291)
('03/07/2011', 1167)
('11/21/2011', 1323)
('12/07/2011', 1297)
('01/17/2011', 1085)
('06/05/2011', 1286)
('01/25/2011', 1238)
('10/02/2011', 1171)
('01/29/2011', 1203)
('07/08/2011', 1474)
('08/13/2011', 1475)
('10/05/2011', 1467)
('01/09/2011', 1011)
('07/25/2011', 1343)
('09/03/2011', 1432)
('04/19/2011', 1245)
('02/18/2011', 1569)
('10/11/2011', 1440)
('01/30/2011', 1074)
('07/10/2011', 1397)
('05/25/2011', 1525)
('01/13/2011', 1252)
('08/15/2011', 1568)
('03/23/2011', 1264)
('05/02/2011', 1289)
('07/21/2011', 1460)
('09/20/2011', 1361)
('10/31/2011', 1390)
('10/18/2011', 1423)
('12/19/2011', 1187)
('04/10/2011', 1236)
('04/24/2011', 1146)
('09/17/2011', 1286)
('06/07/2011', 1463)
('05/17/2011', 1301)
('04/20/2011', 1417)
('11/23/2011', 1408)
