('04/30/2012', 1355)
('05/11/2012', 1591)
('08/23/2012', 1518)
('05/21/2012', 1316)
('05/18/2012', 1580)
('03/17/2012', 1439)
('10/01/2012', 1623)
('06/18/2012', 1363)
('10/11/2012', 1426)
('02/17/2012', 1560)
('12/10/2012', 1337)
('11/13/2012', 1199)
('07/16/2012', 1361)
('01/13/2012', 1483)
('05/27/2012', 1250)
('06/26/2012', 1354)
('09/18/2012', 1268)
('11/28/2012', 1330)
('09/16/2012', 1219)
('04/10/2012', 1313)
('12/16/2012', 1134)
('02/11/2012', 1317)
('09/17/2012', 1345)
('01/24/2012', 1448)
('05/17/2012', 1545)
('11/23/2012', 1302)
('02/15/2012', 1458)
('08/09/2012', 1533)
('03/29/2012', 1391)
('10/03/2012', 1577)
('01/22/2012', 1041)
('09/29/2012', 1445)
('05/12/2012', 1515)
('06/16/2012', 1478)
('10/13/2012', 1400)
('01/02/2012', 1214)
('03/16/2012', 1486)
('09/09/2012', 1322)
('03/18/2012', 1321)
('01/06/2012', 1543)
('03/12/2012', 1453)
('03/19/2012', 1282)
('05/04/2012', 1597)
('02/20/2012', 1130)
('08/01/2012', 1643)
('04/05/2012', 1479)
('03/25/2012', 1248)
('03/08/2012', 1481)
('11/27/2012', 1164)
('08/02/2012', 1555)
('11/01/2012', 1239)
('08/31/2012', 1436)
('05/14/2012', 1282)
('04/12/2012', 1396)
('11/25/2012', 1038)
('09/15/2012', 1573)
('09/10/2012', 1285)
('06/04/2012', 1222)
('12/07/2012', 1338)
('01/25/2012', 1420)
('08/16/2012', 1537)
('01/29/2012', 1203)
('05/09/2012', 1485)
('08/13/2012', 1338)
('08/11/2012', 1589)
('10/05/2012', 1683)
('01/08/2012', 1166)
('09/03/2012', 1384)
('08/28/2012', 1420)
('10/21/2012', 1197)
('01/31/2012', 1362)
('08/06/2012', 1367)
('12/15/2012', 1414)
('12/27/2012', 1161)
('07/03/2012', 1537)
('08/03/2012', 1561)
('10/20/2012', 1596)
('06/13/2012', 1462)
('07/15/2012', 1384)
('12/20/2012', 1441)
('05/25/2012', 1606)
('03/02/2012', 1464)
('09/12/2012', 1546)
('03/23/2012', 1530)
('04/25/2012', 1550)
('07/20/2012', 1441)
('04/06/2012', 1431)
('02/14/2012', 1313)
('02/04/2012', 1437)
('07/29/2012', 1345)
('03/06/2012', 1310)
('08/21/2012', 1451)
('09/08/2012', 1411)
('07/24/2012', 1429)
('10/24/2012', 1349)
('09/01/2012', 1837)
('09/24/2012', 1246)
('07/11/2012', 1487)
('04/09/2012', 1178)
('08/17/2012', 1593)
('10/22/2012', 1308)
('04/15/2012', 1400)
('02/28/2012', 1390)
('11/05/2012', 1024)
('10/27/2012', 1408)
('01/16/2012', 1126)
('06/10/2012', 1427)
('12/12/2012', 1380)
('02/23/2012', 1278)
('06/19/2012', 1419)
('04/07/2012', 1405)
('05/30/2012', 1489)
('09/11/2012', 1362)
('03/04/2012', 1198)
('10/14/2012', 1229)
('03/01/2012', 1574)
('03/11/2012', 1122)
('11/17/2012', 1245)
('08/10/2012', 1522)
('01/10/2012', 1430)
('02/13/2012', 1206)
('11/19/2012', 1202)
('05/16/2012', 1553)
('12/04/2012', 1310)
('08/29/2012', 1437)
('05/10/2012', 1519)
('10/25/2012', 1337)
('11/09/2012', 1296)
('10/08/2012', 1197)
('02/27/2012', 1375)
('02/01/2012', 1760)
('09/07/2012', 1527)
('09/02/2012', 1337)
('02/25/2012', 1315)
('04/11/2012', 1230)
('09/25/2012', 1482)
('09/27/2012', 1433)
('04/03/2012', 1443)
('09/21/2012', 1603)
('11/22/2012', 897)
('01/03/2012', 1282)
('05/22/2012', 1482)
('01/07/2012', 1392)
('05/28/2012', 1229)
('11/08/2012', 1043)
('10/15/2012', 1322)
('03/03/2012', 1421)
('06/21/2012', 1372)
('05/24/2012', 1364)
('03/13/2012', 1443)
('07/04/2012', 1542)
('10/10/2012', 1382)
('05/26/2012', 1439)
('11/18/2012', 1126)
('10/28/2012', 1170)
('11/24/2012', 1245)
('04/23/2012', 1294)
('11/29/2012', 1344)
('11/20/2012', 1368)
('04/14/2012', 1315)
('01/23/2012', 1343)
('11/12/2012', 1199)
('08/26/2012', 1391)
('10/26/2012', 1436)
('04/01/2012', 1419)
('07/18/2012', 1466)
('08/14/2012', 1420)
('11/10/2012', 1295)
('10/09/2012', 1382)
('09/28/2012', 1493)
('05/13/2012', 1234)
('07/23/2012', 1307)
('10/07/2012', 1192)
('11/14/2012', 1298)
('10/06/2012', 1521)
('11/02/2012', 1015)
('11/07/2012', 878)
('04/26/2012', 1327)
('12/14/2012', 1503)
('11/03/2012', 1060)
('09/13/2012', 1472)
('06/01/2012', 1916)
('01/11/2012', 1363)
('06/20/2012', 1488)
('08/30/2012', 1450)
('06/22/2012', 1467)
('03/21/2012', 1468)
('01/15/2012', 1075)
('01/27/2012', 1569)
('06/24/2012', 1430)
('07/07/2012', 1438)
('03/20/2012', 1510)
('01/21/2012', 1107)
('12/28/2012', 1323)
('09/26/2012', 1398)
('06/08/2012', 1534)
('01/20/2012', 1496)
('05/06/2012', 1340)
('03/30/2012', 1486)
('10/04/2012', 1519)
('03/14/2012', 1485)
('07/22/2012', 1406)
('12/26/2012', 1000)
('04/22/2012', 1126)
('07/12/2012', 1576)
('04/27/2012', 1610)
('02/19/2012', 1162)
('01/04/2012', 1222)
('06/23/2012', 1452)
('06/12/2012', 1419)
('03/27/2012', 1302)
('11/06/2012', 954)
('08/05/2012', 1362)
('12/09/2012', 1215)
('03/22/2012', 1464)
('07/27/2012', 1499)
('02/05/2012', 1152)
('06/28/2012', 1450)
('11/21/2012', 1367)
('12/30/2012', 1061)
('09/22/2012', 1540)
('07/14/2012', 1588)
('01/12/2012', 1361)
('12/18/2012', 1233)
('08/19/2012', 1337)
('04/29/2012', 1321)
('03/10/2012', 1344)
('02/18/2012', 1398)
('09/05/2012', 1381)
('06/27/2012', 1559)
('12/05/2012', 1364)
('02/24/2012', 1314)
('02/29/2012', 1249)
('01/01/2012', 2055)
('09/04/2012', 1332)
('11/30/2012', 1551)
('05/23/2012', 1504)
('12/17/2012', 1220)
('12/23/2012', 1247)
('02/09/2012', 1360)
('03/15/2012', 1454)
('07/28/2012', 1491)
('05/02/2012', 1419)
('03/28/2012', 1416)
('09/20/2012', 1499)
('08/04/2012', 1520)
('10/31/2012', 1072)
('12/19/2012', 1389)
('02/22/2012', 1398)
('07/05/2012', 1516)
('07/08/2012', 1332)
('11/26/2012', 1194)
('12/03/2012', 1250)
('06/07/2012', 1403)
('02/16/2012', 1388)
('07/01/2012', 1663)
('02/08/2012', 1426)
('06/30/2012', 1403)
('04/21/2012', 1476)
('04/16/2012', 1349)
('12/13/2012', 1276)
('04/04/2012', 1497)
('08/08/2012', 1551)
('06/25/2012', 1325)
('06/17/2012', 1242)
('12/11/2012', 1281)
('10/29/2012', 761)
('09/06/2012', 1377)
('08/24/2012', 1627)
('07/17/2012', 1466)
('11/11/2012', 1165)
('08/25/2012', 1482)
('12/21/2012', 1342)
('12/24/2012', 1034)
('06/02/2012', 1386)
('01/28/2012', 1503)
('11/15/2012', 1387)
('10/17/2012', 1456)
('02/12/2012', 1154)
('06/29/2012', 1497)
('09/14/2012', 1553)
('03/26/2012', 1246)
('05/01/2012', 1707)
('02/10/2012', 1627)
('04/02/2012', 1379)
('03/09/2012', 1485)
('09/30/2012', 1250)
('05/07/2012', 1287)
('03/07/2012', 1406)
('02/02/2012', 1470)
('02/07/2012', 1361)
('08/18/2012', 1380)
('01/14/2012', 1284)
('08/12/2012', 1526)
('02/03/2012', 1481)
('07/13/2012', 1563)
('05/20/2012', 1405)
('07/19/2012', 1451)
('07/25/2012', 1569)
('01/09/2012', 1225)
('05/08/2012', 1476)
('04/17/2012', 1468)
('08/27/2012', 1259)
('07/30/2012', 1323)
('06/03/2012', 1361)
('04/19/2012', 1399)
('08/22/2012', 1429)
('02/21/2012', 1277)
('01/30/2012', 1219)
('04/13/2012', 1469)
('07/10/2012', 1464)
('06/06/2012', 1489)
('01/18/2012', 1352)
('05/15/2012', 1406)
('12/25/2012', 788)
('08/15/2012', 1424)
('05/29/2012', 1475)
('12/22/2012', 1251)
('10/30/2012', 832)
('04/24/2012', 1315)
('08/07/2012', 1471)
('12/02/2012', 1229)
('10/16/2012', 1336)
('07/09/2012', 1376)
('10/18/2012', 1488)
('01/26/2012', 1375)
('12/06/2012', 1260)
('10/12/2012', 1511)
('07/21/2012', 1480)
('10/19/2012', 1493)
('04/20/2012', 1646)
('06/15/2012', 1651)
('07/02/2012', 1346)
('04/18/2012', 1538)
('02/06/2012', 1301)
('06/14/2012', 1414)
('08/20/2012', 1473)
('04/08/2012', 1090)
('10/23/2012', 1369)
('05/31/2012', 1441)
('09/23/2012', 1339)
('03/31/2012', 1239)
('06/11/2012', 1345)
('01/19/2012', 1314)
('11/04/2012', 1066)
('04/28/2012', 1401)
('05/19/2012', 1463)
('02/26/2012', 1148)
('05/05/2012', 1420)
('11/16/2012', 1410)
('05/03/2012', 1466)
('03/24/2012', 1421)
('07/06/2012', 1500)
('12/29/2012', 1198)
('09/19/2012', 1387)
('06/09/2012', 1433)
('03/05/2012', 1320)
('12/08/2012', 1478)
('07/31/2012', 1475)
('12/31/2012', 1196)
('01/05/2012', 1443)
('07/26/2012', 1426)
('12/01/2012', 1622)
('01/17/2012', 1439)
('06/05/2012', 1451)
('10/02/2012', 1366)
