('10/03/2013', 1570)
('05/19/2013', 1107)
('09/29/2013', 1431)
('05/12/2013', 1325)
('05/31/2013', 1407)
('03/16/2013', 1261)
('09/09/2013', 1318)
('03/31/2013', 1037)
('03/18/2013', 1151)
('01/19/2013', 1332)
('03/12/2013', 1173)
('06/09/2013', 1350)
('06/14/2013', 1460)
('02/20/2013', 1272)
('11/16/2013', 1502)
('03/24/2013', 1175)
('03/25/2013', 1102)
('09/19/2013', 1540)
('07/06/2013', 1367)
('08/02/2013', 1553)
('08/31/2013', 1473)
('05/14/2013', 1342)
('12/08/2013', 1170)
('07/31/2013', 1449)
('09/10/2013', 1378)
('12/31/2013', 1115)
('07/26/2013', 1490)
('06/04/2013', 1523)
('12/07/2013', 1401)
('01/17/2013', 1431)
('06/05/2013', 1475)
('01/25/2013', 1313)
('10/02/2013', 1513)
('01/29/2013', 1280)
('08/06/2013', 1421)
('04/30/2013', 1353)
('08/13/2013', 1404)
('08/11/2013', 1419)
('05/11/2013', 1390)
('10/05/2013', 1533)
('08/23/2013', 1557)
('08/28/2013', 1453)
('05/09/2013', 1353)
('10/21/2013', 1351)
('09/03/2013', 1402)
('03/17/2013', 1173)
('12/27/2013', 1334)
('06/18/2013', 1307)
('10/11/2013', 1552)
('07/03/2013', 1421)
('06/13/2013', 1308)
('05/25/2013', 1299)
('09/12/2013', 1406)
('01/13/2013', 1250)
('03/23/2013', 1325)
('04/06/2013', 1266)
('02/04/2013', 1139)
('04/10/2013', 1467)
('07/29/2013', 1325)
('09/17/2013', 1399)
('01/24/2013', 1152)
('05/17/2013', 1510)
('11/23/2013', 1450)
('08/09/2013', 1524)
('09/01/2013', 1652)
('01/22/2013', 1092)
('06/16/2013', 1298)
('10/13/2013', 1320)
('08/17/2013', 1455)
('01/02/2013', 1191)
('04/15/2013', 1340)
('02/28/2013', 1315)
('10/27/2013', 1233)
('03/08/2013', 1271)
('01/06/2013', 1113)
('01/16/2013', 1242)
('12/12/2013', 1221)
('03/19/2013', 1213)
('05/04/2013', 1355)
('06/19/2013', 1353)
('08/01/2013', 1548)
('05/30/2013', 1348)
('04/05/2013', 1437)
('11/27/2013', 1273)
('11/01/2013', 1825)
('04/12/2013', 1365)
('11/25/2013', 1250)
('10/14/2013', 1239)
('09/15/2013', 1423)
('03/01/2013', 1706)
('11/17/2013', 1304)
('01/10/2013', 1409)
('02/13/2013', 1377)
('11/19/2013', 1286)
('05/16/2013', 1465)
('05/10/2013', 1594)
('10/25/2013', 1475)
('08/16/2013', 1556)
('10/24/2013', 1364)
('09/07/2013', 1496)
('01/08/2013', 1320)
('04/11/2013', 1389)
('09/25/2013', 1498)
('09/27/2013', 1599)
('01/31/2013', 1345)
('12/15/2013', 1094)
('09/21/2013', 1459)
('11/22/2013', 1567)
('01/03/2013', 1278)
('08/03/2013', 1493)
('10/20/2013', 1322)
('01/07/2013', 1198)
('07/15/2013', 1406)
('11/08/2013', 1508)
('12/20/2013', 1512)
('03/02/2013', 1292)
('03/03/2013', 1107)
('07/20/2013', 1531)
('10/10/2013', 1478)
('04/25/2013', 1454)
('02/14/2013', 1291)
('11/24/2013', 1065)
('03/06/2013', 1226)
('11/20/2013', 1392)
('09/08/2013', 1330)
('07/24/2013', 1545)
('01/23/2013', 1100)
('08/21/2013', 1395)
('09/24/2013', 1413)
('07/11/2013', 1480)
('08/26/2013', 1312)
('07/18/2013', 1380)
('07/23/2013', 1381)
('10/09/2013', 1428)
('04/09/2013', 1385)
('10/22/2013', 1342)
('10/07/2013', 1329)
('11/05/2013', 1250)
('06/10/2013', 1204)
('11/02/2013', 1501)
('04/26/2013', 1500)
('12/14/2013', 1181)
('02/23/2013', 1296)
('04/07/2013', 1126)
('09/11/2013', 1451)
('06/20/2013', 1449)
('06/22/2013', 1507)
('03/04/2013', 1134)
('03/21/2013', 1214)
('01/27/2013', 1070)
('06/24/2013', 1294)
('03/11/2013', 1229)
('08/10/2013', 1522)
('06/08/2013', 1277)
('01/21/2013', 1009)
('07/07/2013', 1417)
('12/04/2013', 1432)
('08/29/2013', 1367)
('11/09/2013', 1431)
('10/08/2013', 1414)
('02/27/2013', 1287)
('03/30/2013', 1276)
('02/01/2013', 1683)
('09/02/2013', 1360)
('02/25/2013', 1190)
('03/14/2013', 1299)
('07/27/2013', 1503)
('04/03/2013', 1297)
('07/12/2013', 1370)
('02/19/2013', 1146)
('05/22/2013', 1509)
('05/28/2013', 1293)
('10/15/2013', 1463)
('11/06/2013', 1357)
('06/21/2013', 1476)
('05/24/2013', 1429)
('04/14/2013', 1150)
('12/09/2013', 1222)
('03/13/2013', 1486)
('03/27/2013', 1285)
('07/04/2013', 1410)
('04/22/2013', 1177)
('05/26/2013', 1213)
('11/18/2013', 1394)
('06/28/2013', 1517)
('12/30/2013', 1158)
('10/28/2013', 1348)
('07/14/2013', 1333)
('01/12/2013', 1366)
('11/29/2013', 1301)
('12/18/2013', 1296)
('08/19/2013', 1271)
('04/23/2013', 1272)
('11/12/2013', 1285)
('10/26/2013', 1370)
('04/01/2013', 1421)
('08/14/2013', 1576)
('03/10/2013', 1187)
('11/10/2013', 1311)
('09/28/2013', 1512)
('05/13/2013', 1265)
('09/05/2013', 1424)
('11/14/2013', 1484)
('12/05/2013', 1451)
('02/24/2013', 1158)
('01/01/2013', 2063)
('10/06/2013', 1372)
('11/07/2013', 1377)
('05/23/2013', 1384)
('11/03/2013', 1210)
('12/23/2013', 1246)
('09/13/2013', 1538)
('06/01/2013', 1623)
('08/04/2013', 1285)
('01/11/2013', 1414)
('08/30/2013', 1526)
('01/15/2013', 1320)
('02/22/2013', 1419)
('12/03/2013', 1316)
('07/05/2013', 1525)
('11/26/2013', 1233)
('03/20/2013', 1310)
('12/28/2013', 1356)
('07/01/2013', 1540)
('02/08/2013', 1114)
('09/26/2013', 1463)
('01/20/2013', 1167)
('05/06/2013', 1229)
('04/04/2013', 1326)
('05/07/2013', 1455)
('06/17/2013', 1349)
('10/29/2013', 1341)
('10/04/2013', 1713)
('08/24/2013', 1594)
('04/27/2013', 1447)
('12/26/2013', 1186)
('11/11/2013', 1162)
('12/21/2013', 1435)
('06/02/2013', 1315)
('07/22/2013', 1333)
('11/15/2013', 1614)
('01/04/2013', 1480)
('06/23/2013', 1358)
('06/12/2013', 1542)
('08/05/2013', 1335)
('09/14/2013', 1402)
('05/01/2013', 1712)
('04/02/2013', 1179)
('08/08/2013', 1387)
('03/09/2013', 1356)
('09/30/2013', 1435)
('03/22/2013', 1397)
('03/07/2013', 1222)
('02/05/2013', 1240)
('11/21/2013', 1351)
('09/22/2013', 1304)
('02/02/2013', 1347)
('01/14/2013', 1275)
('04/29/2013', 1238)
('07/25/2013', 1502)
('07/08/2013', 1388)
('01/09/2013', 1398)
('06/15/2013', 1587)
('04/17/2013', 1405)
('04/19/2013', 1468)
('02/18/2013', 1081)
('08/22/2013', 1361)
('01/30/2013', 1352)
('04/13/2013', 1425)
('06/27/2013', 1452)
('07/10/2013', 1497)
('09/04/2013', 1447)
('01/18/2013', 1356)
('12/17/2013', 1183)
('11/30/2013', 1304)
('12/25/2013', 875)
('02/09/2013', 916)
('08/15/2013', 1467)
('05/29/2013', 1311)
('07/28/2013', 1355)
('05/02/2013', 1420)
('10/30/2013', 1497)
('06/30/2013', 1326)
('04/24/2013', 1451)
('09/20/2013', 1681)
('03/28/2013', 1330)
('10/16/2013', 1351)
('10/31/2013', 1564)
('06/06/2013', 1363)
('10/18/2013', 1446)
('12/19/2013', 1351)
('07/21/2013', 1415)
('10/12/2013', 1540)
('07/09/2013', 1460)
('06/07/2013', 1304)
('04/20/2013', 1366)
('07/30/2013', 1405)
('02/16/2013', 1318)
('03/15/2013', 1465)
('04/21/2013', 1211)
('02/06/2013', 1252)
('08/20/2013', 1381)
('04/16/2013', 1386)
('12/13/2013', 1413)
('10/23/2013', 1415)
('06/25/2013', 1422)
('09/23/2013', 1373)
('12/11/2013', 1290)
('09/06/2013', 1418)
('06/11/2013', 1308)
('11/04/2013', 1188)
('07/17/2013', 1478)
('04/28/2013', 1185)
('02/26/2013', 1248)
('08/25/2013', 1304)
('12/24/2013', 1215)
('05/05/2013', 1282)
('01/28/2013', 1100)
('05/03/2013', 1486)
('04/08/2013', 1266)
('12/29/2013', 1121)
('10/17/2013', 1470)
('02/12/2013', 1344)
('03/05/2013', 1291)
('06/29/2013', 1478)
('03/26/2013', 1269)
('02/10/2013', 1025)
('01/05/2013', 1363)
('12/01/2013', 1438)
('02/07/2013', 1296)
('08/18/2013', 1335)
('08/12/2013', 1313)
('02/03/2013', 1066)
('05/20/2013', 1360)
('07/13/2013', 1401)
('05/21/2013', 1447)
('07/19/2013', 1488)
('05/18/2013', 1329)
('08/27/2013', 1381)
('06/03/2013', 1316)
('10/01/2013', 1703)
('02/21/2013', 1265)
('02/17/2013', 1096)
('12/10/2013', 1297)
('11/13/2013', 1391)
('04/18/2013', 1422)
('07/16/2013', 1436)
('05/15/2013', 1515)
('05/08/2013', 1330)
('12/22/2013', 1316)
('05/27/2013', 1245)
('08/07/2013', 1375)
('03/29/2013', 1287)
('12/02/2013', 1308)
('09/18/2013', 1428)
('11/28/2013', 977)
('09/16/2013', 1293)
('01/26/2013', 1212)
('12/06/2013', 1413)
('12/16/2013', 1154)
('02/11/2013', 1096)
('10/19/2013', 1373)
('02/15/2013', 1537)
('07/02/2013', 1395)
('06/26/2013', 1549)
