('08/06/2014', 1421)
('07/07/2014', 1407)
('05/09/2014', 1507)
('04/01/2014', 1695)
('07/18/2014', 1439)
('12/26/2014', 979)
('10/21/2014', 1383)
('06/28/2014', 1434)
('07/12/2014', 1454)
('07/03/2014', 1484)
('04/13/2014', 1281)
('11/14/2014', 1317)
('02/19/2014', 1182)
('06/13/2014', 1424)
('04/18/2014', 1439)
('07/09/2014', 1434)
('06/23/2014', 1284)
('09/28/2014', 1355)
('11/06/2014', 1250)
('11/03/2014', 1265)
('12/22/2014', 1035)
('10/30/2014', 1338)
('08/07/2014', 1419)
('02/05/2014', 1127)
('03/27/2014', 1293)
('06/06/2014', 1539)
('08/30/2014', 1500)
('06/22/2014', 1348)
('10/12/2014', 1307)
('01/15/2014', 1568)
('01/27/2014', 1114)
('12/18/2014', 1255)
('10/19/2014', 1285)
('06/08/2014', 1299)
('07/02/2014', 1428)
('12/28/2014', 931)
('05/08/2014', 1323)
('01/20/2014', 1185)
('09/24/2014', 1454)
('10/23/2014', 1227)
('05/31/2014', 1403)
('06/11/2014', 1515)
('10/04/2014', 1421)
('03/14/2014', 1452)
('02/24/2014', 1174)
('01/16/2014', 1437)
('12/29/2014', 966)
('11/16/2014', 1174)
('05/03/2014', 1453)
('07/28/2014', 1404)
('05/30/2014', 1539)
('06/30/2014', 1311)
('08/05/2014', 1436)
('12/03/2014', 1184)
('09/11/2014', 1473)
('04/08/2014', 1345)
('03/05/2014', 1371)
('12/09/2014', 1052)
('03/22/2014', 1508)
('07/05/2014', 1552)
('11/17/2014', 1084)
('11/21/2014', 1380)
('12/30/2014', 986)
('01/12/2014', 1250)
('03/15/2014', 1625)
('01/17/2014', 1530)
('08/19/2014', 1424)
('06/05/2014', 1336)
('12/13/2014', 1314)
('10/08/2014', 1436)
('05/07/2014', 1481)
('09/02/2014', 1481)
('02/25/2014', 1273)
('04/11/2014', 1425)
('06/07/2014', 1348)
('11/11/2014', 1315)
('11/22/2014', 1339)
('10/11/2014', 1315)
('06/02/2014', 1428)
('01/01/2014', 2256)
('05/28/2014', 1510)
('11/08/2014', 1404)
('07/16/2014', 1449)
('05/23/2014', 1492)
('02/12/2014', 1278)
('06/21/2014', 1495)
('08/08/2014', 1535)
('05/02/2014', 1577)
('03/09/2014', 1143)
('07/04/2014', 1440)
('10/10/2014', 1509)
('09/20/2014', 1636)
('11/18/2014', 1205)
('11/28/2014', 1290)
('10/31/2014', 1521)
('04/10/2014', 1349)
('04/04/2014', 1444)
('08/18/2014', 1311)
('09/17/2014', 1461)
('07/08/2014', 1437)
('11/26/2014', 1140)
('11/23/2014', 1199)
('02/15/2014', 1276)
('01/23/2014', 1082)
('05/18/2014', 1292)
('07/19/2014', 1545)
('10/26/2014', 1315)
('01/22/2014', 983)
('09/29/2014', 1364)
('04/17/2014', 1240)
('11/10/2014', 1346)
('06/25/2014', 1501)
('06/17/2014', 1431)
('08/22/2014', 1373)
('10/07/2014', 1396)
('09/06/2014', 1474)
('03/12/2014', 1394)
('07/17/2014', 1372)
('01/18/2014', 1399)
('11/07/2014', 1444)
('03/19/2014', 1270)
('02/20/2014', 1321)
('01/28/2014', 1215)
('12/25/2014', 844)
('05/29/2014', 1424)
('11/01/2014', 1480)
('08/31/2014', 1286)
('10/16/2014', 1417)
('01/11/2014', 1351)
('01/26/2014', 1098)
('03/21/2014', 1435)
('09/30/2014', 1354)
('06/15/2014', 1383)
('12/07/2014', 1057)
('07/30/2014', 1433)
('02/06/2014', 1248)
('05/06/2014', 1468)
('02/03/2014', 1090)
('07/06/2014', 1354)
('01/29/2014', 1180)
('07/21/2014', 1371)
('10/05/2014', 1308)
('01/09/2014', 1331)
('07/22/2014', 1425)
('04/27/2014', 1250)
('08/27/2014', 1439)
('02/21/2014', 1392)
('01/30/2014', 1272)
('10/20/2014', 1382)
('07/10/2014', 1553)
('07/15/2014', 1374)
('03/24/2014', 1210)
('05/25/2014', 1286)
('06/09/2014', 1305)
('12/08/2014', 1058)
('03/23/2014', 1135)
('04/24/2014', 1305)
('12/31/2014', 928)
('07/14/2014', 1389)
('12/06/2014', 1175)
('03/06/2014', 1262)
('10/02/2014', 1429)
('07/24/2014', 1459)
('05/19/2014', 1360)
('08/20/2014', 1515)
('05/21/2014', 1537)
('03/10/2014', 1253)
('08/17/2014', 1415)
('10/01/2014', 1712)
('02/18/2014', 1202)
('09/05/2014', 1580)
('02/28/2014', 1381)
('03/31/2014', 1154)
('12/10/2014', 1187)
('12/05/2014', 1242)
('11/04/2014', 1337)
('02/26/2014', 1194)
('02/23/2014', 1187)
('06/19/2014', 1417)
('05/05/2014', 1340)
('12/23/2014', 1099)
('01/13/2014', 1323)
('09/18/2014', 1491)
('12/19/2014', 1288)
('02/11/2014', 1199)
('02/22/2014', 1514)
('03/11/2014', 1309)
('05/17/2014', 1440)
('07/26/2014', 1471)
('12/01/2014', 1419)
('02/08/2014', 1292)
('12/04/2014', 1142)
('05/10/2014', 1474)
('04/16/2014', 1303)
('11/09/2014', 1231)
('06/16/2014', 1448)
('02/01/2014', 1638)
('09/07/2014', 1349)
('05/11/2014', 1277)
('03/16/2014', 1217)
('12/11/2014', 1263)
('10/29/2014', 1360)
('08/24/2014', 1383)
('04/03/2014', 1368)
('09/21/2014', 1287)
('06/18/2014', 1500)
('05/04/2014', 1302)
('12/24/2014', 951)
('11/13/2014', 1237)
('01/07/2014', 1059)
('06/29/2014', 1275)
('11/27/2014', 825)
('10/17/2014', 1679)
('05/14/2014', 1509)
('03/26/2014', 1281)
('05/01/2014', 1705)
('02/10/2014', 1110)
('04/02/2014', 1403)
('09/10/2014', 1448)
('03/07/2014', 1471)
('05/26/2014', 1289)
('10/28/2014', 1428)
('02/07/2014', 1412)
('07/13/2014', 1350)
('08/12/2014', 1389)
('11/20/2014', 1331)
('01/25/2014', 1285)
('05/20/2014', 1482)
('08/13/2014', 1387)
('07/25/2014', 1528)
('10/03/2014', 1473)
('01/08/2014', 1260)
('08/26/2014', 1412)
('08/14/2014', 1560)
('10/13/2014', 1190)
('01/31/2014', 1398)
('09/03/2014', 1472)
('06/03/2014', 1384)
('04/19/2014', 1319)
('05/13/2014', 1391)
('09/09/2014', 1335)
('08/03/2014', 1365)
('01/06/2014', 1151)
('10/06/2014', 1327)
('11/02/2014', 1159)
('07/20/2014', 1465)
('12/14/2014', 1189)
('03/02/2014', 1171)
('05/15/2014', 1497)
('08/15/2014', 1569)
('03/25/2014', 1287)
('04/25/2014', 1478)
('08/02/2014', 1444)
('08/21/2014', 1451)
('12/02/2014', 1205)
('04/12/2014', 1445)
('10/18/2014', 1578)
('09/15/2014', 1413)
('06/24/2014', 1403)
('04/20/2014', 1150)
('03/20/2014', 1483)
('01/21/2014', 993)
('09/08/2014', 1335)
('10/24/2014', 1546)
('07/11/2014', 1428)
('08/16/2014', 1505)
('03/30/2014', 1085)
('08/11/2014', 1395)
('09/23/2014', 1349)
('11/05/2014', 1394)
('10/27/2014', 1341)
('01/19/2014', 1180)
('06/14/2014', 1564)
('08/28/2014', 1491)
('04/28/2014', 1241)
('12/15/2014', 1219)
('12/27/2014', 1006)
('07/27/2014', 1425)
('04/07/2014', 1162)
('01/04/2014', 1050)
('06/12/2014', 1523)
('12/20/2014', 1224)
('09/19/2014', 1566)
('09/12/2014', 1511)
('03/01/2014', 1671)
('07/31/2014', 1484)
('04/22/2014', 1360)
('04/06/2014', 1170)
('08/10/2014', 1475)
('01/10/2014', 1500)
('01/05/2014', 1017)
('09/22/2014', 1341)
('02/14/2014', 1249)
('02/04/2014', 1176)
('11/19/2014', 1178)
('07/29/2014', 1437)
('08/29/2014', 1494)
('04/29/2014', 1240)
('02/27/2014', 1213)
('04/30/2014', 1050)
('09/01/2014', 1672)
('08/23/2014', 1491)
('03/17/2014', 1162)
('09/25/2014', 1237)
('10/22/2014', 1291)
('04/15/2014', 1268)
('01/03/2014', 975)
('02/17/2014', 1075)
('06/27/2014', 1493)
('05/22/2014', 1386)
('09/04/2014', 1457)
('06/10/2014', 1481)
('12/12/2014', 1361)
('10/15/2014', 1567)
('12/17/2014', 1317)
('03/04/2014', 1222)
('11/30/2014', 1212)
('02/09/2014', 1137)
('05/27/2014', 1444)
('03/29/2014', 1179)
('08/04/2014', 1404)
('03/28/2014', 1458)
('09/16/2014', 1402)
('04/09/2014', 1414)
('10/14/2014', 1565)
('11/24/2014', 1302)
('12/16/2014', 1199)
('01/24/2014', 1308)
('02/13/2014', 879)
('04/14/2014', 1205)
('06/26/2014', 1418)
('02/16/2014', 1032)
('07/01/2014', 1749)
('05/16/2014', 1556)
('08/09/2014', 1478)
('04/21/2014', 1204)
('11/12/2014', 1382)
('10/25/2014', 1549)
('05/12/2014', 1379)
('03/08/2014', 1459)
('10/09/2014', 1464)
('01/02/2014', 1100)
('11/29/2014', 1154)
('03/18/2014', 1337)
('09/27/2014', 1465)
('04/26/2014', 1356)
('08/25/2014', 1316)
('12/21/2014', 993)
('08/01/2014', 1829)
('11/15/2014', 1288)
('09/13/2014', 1347)
('04/05/2014', 1396)
('03/03/2014', 1091)
('06/01/2014', 1617)
('09/14/2014', 1313)
('05/24/2014', 1348)
('06/20/2014', 1593)
('11/25/2014', 1244)
('03/13/2014', 1251)
('06/04/2014', 1477)
('02/02/2014', 1275)
('04/23/2014', 1449)
('09/26/2014', 1426)
('01/14/2014', 1374)
('07/23/2014', 1425)
