('11/12/2015', 1365)
('10/23/2015', 1380)
('01/02/2015', 1038)
('04/23/2015', 1264)
('06/11/2015', 1394)
('03/14/2015', 1281)
('02/24/2015', 1018)
('01/16/2015', 1305)
('04/08/2015', 1258)
('08/25/2015', 1419)
('08/01/2015', 1749)
('09/13/2015', 1246)
('05/03/2015', 1276)
('12/03/2015', 1252)
('05/30/2015', 1497)
('03/08/2015', 1093)
('12/29/2015', 1119)
('06/01/2015', 1565)
('03/05/2015', 1065)
('05/24/2015', 1260)
('04/05/2015', 1019)
('11/25/2015', 1313)
('12/09/2015', 1239)
('03/13/2015', 1336)
('07/05/2015', 1375)
('11/17/2015', 1323)
('12/30/2015', 1181)
('01/12/2015', 1057)
('11/29/2015', 1097)
('09/26/2015', 1318)
('08/19/2015', 1488)
('08/08/2015', 1461)
('05/07/2015', 1366)
('04/11/2015', 1233)
('05/18/2015', 1374)
('11/26/2015', 951)
('04/01/2015', 1823)
('12/26/2015', 1160)
('09/28/2015', 1295)
('11/11/2015', 1268)
('11/22/2015', 1192)
('11/14/2015', 1212)
('06/02/2015', 1249)
('04/18/2015', 1470)
('01/01/2015', 1865)
('06/23/2015', 1372)
('11/08/2015', 1140)
('07/16/2015', 1445)
('05/23/2015', 1348)
('11/03/2015', 1269)
('12/22/2015', 1299)
('03/09/2015', 1303)
('10/10/2015', 1345)
('08/07/2015', 1534)
('02/05/2015', 1131)
('11/28/2015', 1256)
('08/30/2015', 1323)
('04/04/2015', 1327)
('01/15/2015', 1357)
('10/19/2015', 1202)
('05/08/2015', 1378)
('02/15/2015', 1076)
('07/02/2015', 1393)
('12/28/2015', 1168)
('01/23/2015', 1339)
('01/20/2015', 1266)
('09/24/2015', 1240)
('09/29/2015', 1291)
('04/17/2015', 1417)
('05/31/2015', 1212)
('06/17/2015', 1412)
('08/22/2015', 1485)
('10/07/2015', 1350)
('10/04/2015', 1318)
('03/12/2015', 1280)
('03/15/2015', 1303)
('01/18/2015', 977)
('02/20/2015', 1155)
('11/16/2015', 1259)
('12/25/2015', 984)
('05/29/2015', 1458)
('07/28/2015', 1350)
('08/05/2015', 1555)
('09/11/2015', 1498)
('08/31/2015', 1277)
('10/16/2015', 1506)
('03/21/2015', 1261)
('09/30/2015', 1374)
('03/22/2015', 1131)
('06/30/2015', 1345)
('11/21/2015', 1314)
('06/15/2015', 1380)
('07/30/2015', 1392)
('12/07/2015', 1216)
('01/17/2015', 1276)
('02/06/2015', 1218)
('06/05/2015', 1454)
('12/13/2015', 1249)
('10/08/2015', 1362)
('01/29/2015', 1055)
('04/24/2015', 1381)
('09/02/2015', 1432)
('10/05/2015', 1364)
('02/25/2015', 1202)
('01/09/2015', 1141)
('06/07/2015', 1256)
('10/11/2015', 1319)
('01/30/2015', 1147)
('07/10/2015', 1380)
('05/28/2015', 1373)
('05/25/2015', 1253)
('02/12/2015', 1192)
('06/21/2015', 1323)
('03/23/2015', 1143)
('05/02/2015', 1184)
('07/04/2015', 1363)
('07/21/2015', 1431)
('09/20/2015', 1374)
('11/18/2015', 1289)
('10/31/2015', 1487)
('07/14/2015', 1292)
('04/10/2015', 1307)
('08/18/2015', 1413)
('09/17/2015', 1386)
('07/08/2015', 1387)
('11/23/2015', 1160)
('08/20/2015', 1535)
('05/21/2015', 1326)
('07/19/2015', 1252)
('10/26/2015', 1207)
('01/22/2015', 1267)
('03/10/2015', 1308)
('11/10/2015', 1264)
('08/17/2015', 1320)
('06/25/2015', 1537)
('10/01/2015', 1579)
('09/05/2015', 1459)
('02/28/2015', 1172)
('09/06/2015', 1334)
('12/10/2015', 1359)
('12/05/2015', 1376)
('11/04/2015', 1446)
('07/17/2015', 1440)
('11/07/2015', 1379)
('03/19/2015', 1228)
('02/26/2015', 1183)
('06/19/2015', 1490)
('05/05/2015', 1398)
('01/28/2015', 1064)
('12/23/2015', 1218)
('11/01/2015', 1608)
('09/18/2015', 1574)
('01/11/2015', 1018)
('01/26/2015', 930)
('02/11/2015', 1178)
('02/22/2015', 994)
('12/01/2015', 1459)
('02/08/2015', 1029)
('05/06/2015', 1349)
('05/10/2015', 1328)
('02/03/2015', 952)
('07/06/2015', 1323)
('09/07/2015', 1236)
('03/16/2015', 1210)
('10/29/2015', 1359)
('08/24/2015', 1379)
('07/22/2015', 1492)
('08/27/2015', 1375)
('04/27/2015', 1246)
('09/21/2015', 1298)
('02/21/2015', 1123)
('10/20/2015', 1401)
('11/13/2015', 1400)
('01/07/2015', 970)
('07/15/2015', 1565)
('03/24/2015', 1173)
('06/09/2015', 1351)
('05/14/2015', 1390)
('12/08/2015', 1254)
('05/01/2015', 1886)
('04/02/2015', 1401)
('09/10/2015', 1298)
('12/31/2015', 1091)
('03/07/2015', 1235)
('12/06/2015', 1194)
('03/06/2015', 1226)
('11/20/2015', 1470)
('01/25/2015', 1104)
('10/02/2015', 1188)
('07/24/2015', 1501)
('08/13/2015', 1522)
('10/03/2015', 1192)
('05/19/2015', 1314)
('08/26/2015', 1445)
('09/03/2015', 1433)
('04/19/2015', 1225)
('02/18/2015', 1195)
('09/09/2015', 1455)
('03/31/2015', 1175)
('11/02/2015', 1204)
('12/14/2015', 1247)
('02/23/2015', 1001)
('01/13/2015', 1215)
('08/15/2015', 1540)
('03/25/2015', 1255)
('08/02/2015', 1370)
('10/18/2015', 1112)
('12/19/2015', 1248)
('06/24/2015', 1386)
('03/11/2015', 1275)
('05/17/2015', 1286)
('04/20/2015', 1158)
('01/21/2015', 1216)
('07/26/2015', 1437)
('12/04/2015', 1415)
('07/25/2015', 1536)
('04/16/2015', 1352)
('11/09/2015', 1233)
('06/16/2015', 1411)
('03/30/2015', 1174)
('02/01/2015', 1323)
('08/11/2015', 1286)
('05/11/2015', 1307)
('09/23/2015', 1384)
('12/11/2015', 1533)
('10/27/2015', 1231)
('08/28/2015', 1503)
('04/28/2015', 1287)
('04/03/2015', 1367)
('12/27/2015', 1124)
('06/18/2015', 1428)
('05/04/2015', 1221)
('12/24/2015', 1170)
('08/12/2015', 1517)
('11/27/2015', 1286)
('06/29/2015', 1257)
('09/12/2015', 1437)
('10/17/2015', 1246)
('03/26/2015', 1214)
('02/10/2015', 1142)
('03/01/2015', 1345)
('04/22/2015', 1362)
('05/26/2015', 1403)
('04/06/2015', 1201)
('01/10/2015', 1065)
('01/05/2015', 1063)
('10/28/2015', 1113)
('02/04/2015', 1211)
('11/19/2015', 1278)
('02/07/2015', 1167)
('07/29/2015', 1488)
('07/13/2015', 1340)
('05/20/2015', 1482)
('07/27/2015', 1325)
('09/01/2015', 1757)
('01/08/2015', 1004)
('06/26/2015', 1478)
('08/14/2015', 1572)
('10/13/2015', 1365)
('01/31/2015', 1045)
('06/03/2015', 1328)
('05/13/2015', 1473)
('04/15/2015', 1469)
('01/03/2015', 1021)
('08/03/2015', 1413)
('02/17/2015', 1041)
('01/06/2015', 968)
('10/06/2015', 1421)
('12/12/2015', 1472)
('08/21/2015', 1511)
('07/20/2015', 1417)
('03/02/2015', 1119)
('05/15/2015', 1632)
('04/25/2015', 1326)
('05/27/2015', 1382)
('03/29/2015', 1125)
('12/02/2015', 1315)
('08/04/2015', 1466)
('04/12/2015', 1217)
('09/16/2015', 1400)
('10/14/2015', 1390)
('09/15/2015', 1456)
('11/24/2015', 1243)
('09/25/2015', 1362)
('12/16/2015', 1264)
('03/20/2015', 1205)
('02/13/2015', 1156)
('09/08/2015', 1307)
('07/01/2015', 1769)
('05/16/2015', 1339)
('10/24/2015', 1294)
('07/11/2015', 1441)
('10/25/2015', 1251)
('08/16/2015', 1362)
('05/12/2015', 1414)
('10/09/2015', 1475)
('11/05/2015', 1365)
('03/18/2015', 1283)
('01/19/2015', 1092)
('09/27/2015', 1238)
('07/31/2015', 1481)
('12/15/2015', 1384)
('07/23/2015', 1527)
('12/21/2015', 1182)
('04/07/2015', 1204)
('11/15/2015', 1268)
('01/04/2015', 902)
('06/12/2015', 1504)
('12/20/2015', 1180)
('09/19/2015', 1511)
('03/03/2015', 1132)
('09/14/2015', 1273)
('06/20/2015', 1405)
('06/14/2015', 1316)
('08/10/2015', 1373)
('09/22/2015', 1485)
('02/14/2015', 1202)
('06/04/2015', 1321)
('08/29/2015', 1445)
('02/02/2015', 885)
('04/26/2015', 1266)
('01/14/2015', 1222)
('04/29/2015', 1364)
('02/27/2015', 1252)
('08/06/2015', 1456)
('04/30/2015', 1377)
('08/23/2015', 1354)
('05/09/2015', 1332)
('06/28/2015', 1189)
('03/17/2015', 1318)
('07/07/2015', 1451)
('07/18/2015', 1402)
('10/21/2015', 1423)
('10/22/2015', 1411)
('07/12/2015', 1393)
('07/03/2015', 1530)
('04/13/2015', 1225)
('06/27/2015', 1343)
('02/19/2015', 1033)
('05/22/2015', 1517)
('06/13/2015', 1366)
('09/04/2015', 1525)
('06/10/2015', 1437)
('10/15/2015', 1505)
('12/17/2015', 1216)
('11/06/2015', 1419)
('04/09/2015', 1202)
('11/30/2015', 1161)
('02/09/2015', 994)
('06/06/2015', 1396)
('10/30/2015', 1416)
('03/28/2015', 1224)
('03/27/2015', 1316)
('07/09/2015', 1363)
('06/22/2015', 1437)
('03/04/2015', 1180)
('10/12/2015', 1210)
('01/27/2015', 810)
('12/18/2015', 1367)
('01/24/2015', 1085)
('06/08/2015', 1320)
('04/14/2015', 1367)
('02/16/2015', 966)
('08/09/2015', 1329)
('04/21/2015', 1332)
