('10/08/2016', 1277)
('02/27/2016', 1278)
('09/02/2016', 1399)
('06/07/2016', 1308)
('02/25/2016', 1237)
('04/11/2016', 1303)
('09/25/2016', 1198)
('11/22/2016', 1162)
('01/03/2016', 1077)
('06/27/2016', 1342)
('05/22/2016', 1247)
('02/29/2016', 1168)
('01/01/2016', 2152)
('09/04/2016', 1287)
('05/28/2016', 1329)
('11/08/2016', 1158)
('10/15/2016', 1329)
('05/23/2016', 1335)
('12/17/2016', 1078)
('06/21/2016', 1359)
('11/30/2016', 1236)
('02/09/2016', 1166)
('05/02/2016', 1239)
('07/04/2016', 1263)
('10/10/2016', 1137)
('09/20/2016', 1322)
('08/04/2016', 1318)
('11/18/2016', 1425)
('10/31/2016', 1354)
('11/24/2016', 847)
('03/28/2016', 1208)
('07/08/2016', 1251)
('11/26/2016', 1212)
('04/14/2016', 1282)
('02/16/2016', 1139)
('07/01/2016', 1593)
('01/23/2016', 684)
('04/21/2016', 1418)
('11/12/2016', 1207)
('04/26/2016', 1241)
('10/26/2016', 1259)
('11/10/2016', 1205)
('10/09/2016', 1114)
('06/25/2016', 1346)
('06/17/2016', 1441)
('10/07/2016', 1422)
('09/06/2016', 1300)
('07/17/2016', 1266)
('11/07/2016', 1107)
('07/23/2016', 1421)
('08/25/2016', 1432)
('12/21/2016', 1140)
('01/28/2016', 1280)
('11/15/2016', 1155)
('09/13/2016', 1250)
('06/01/2016', 1810)
('09/14/2016', 1349)
('01/11/2016', 1197)
('06/20/2016', 1377)
('03/21/2016', 1134)
('09/30/2016', 1230)
('02/02/2016', 1323)
('09/26/2016', 1222)
('01/14/2016', 1258)
('05/06/2016', 1407)
('02/03/2016', 1251)
('05/08/2016', 1223)
('04/27/2016', 1263)
('01/09/2016', 1380)
('07/22/2016', 1420)
('12/26/2016', 914)
('08/27/2016', 1351)
('07/12/2016', 1251)
('02/21/2016', 1153)
('01/30/2016', 1311)
('04/13/2016', 1467)
('02/19/2016', 1202)
('07/10/2016', 1261)
('04/18/2016', 1370)
('06/23/2016', 1377)
('06/06/2016', 1363)
('12/22/2016', 1170)
('10/30/2016', 1304)
('07/21/2016', 1389)
('08/07/2016', 1335)
('02/05/2016', 1243)
('06/28/2016', 1358)
('07/09/2016', 1304)
('07/14/2016', 1390)
('11/06/2016', 1102)
('12/06/2016', 1152)
('10/12/2016', 1305)
('12/18/2016', 1103)
('10/19/2016', 1400)
('07/02/2016', 1365)
('03/27/2016', 1062)
('04/24/2016', 1192)
('05/19/2016', 1319)
('08/20/2016', 1479)
('10/23/2016', 1218)
('03/10/2016', 1403)
('05/31/2016', 1401)
('02/18/2016', 1170)
('09/05/2016', 1302)
('03/31/2016', 1324)
('06/11/2016', 1352)
('12/05/2016', 1149)
('02/24/2016', 1152)
('11/04/2016', 1439)
('02/26/2016', 1302)
('05/05/2016', 1339)
('11/16/2016', 1242)
('12/23/2016', 1193)
('05/03/2016', 1264)
('07/28/2016', 1356)
('12/29/2016', 969)
('04/08/2016', 1346)
('12/03/2016', 1295)
('12/19/2016', 1019)
('03/05/2016', 1228)
('02/22/2016', 1194)
('07/05/2016', 1333)
('07/26/2016', 1387)
('12/01/2016', 1351)
('02/08/2016', 1030)
('06/30/2016', 1374)
('01/17/2016', 1182)
('03/15/2016', 1335)
('06/05/2016', 1267)
('04/16/2016', 1378)
('12/13/2016', 1161)
('08/08/2016', 1348)
('05/11/2016', 1461)
('07/13/2016', 1302)
('10/29/2016', 1338)
('05/18/2016', 1409)
('08/24/2016', 1391)
('11/11/2016', 1182)
('06/18/2016', 1330)
('10/11/2016', 1255)
('12/24/2016', 979)
('06/02/2016', 1457)
('11/13/2016', 1159)
('06/29/2016', 1392)
('07/16/2016', 1401)
('10/17/2016', 1311)
('02/12/2016', 1234)
('05/07/2016', 1288)
('03/26/2016', 1254)
('05/01/2016', 1237)
('02/10/2016', 1367)
('04/02/2016', 1276)
('04/04/2016', 1124)
('03/07/2016', 1191)
('11/28/2016', 1160)
('12/11/2016', 1064)
('04/10/2016', 1208)
('02/07/2016', 1133)
('08/18/2016', 1357)
('09/17/2016', 1298)
('08/12/2016', 1363)
('03/09/2016', 1386)
('11/23/2016', 1277)
('02/15/2016', 993)
('05/20/2016', 1475)
('07/30/2016', 1283)
('10/03/2016', 1236)
('07/19/2016', 1347)
('01/22/2016', 1363)
('09/29/2016', 1279)
('04/17/2016', 1251)
('10/13/2016', 1330)
('06/03/2016', 1423)
('04/19/2016', 1275)
('08/22/2016', 1326)
('09/09/2016', 1400)
('01/06/2016', 1279)
('03/12/2016', 1356)
('01/18/2016', 1041)
('03/19/2016', 1296)
('07/25/2016', 1248)
('02/20/2016', 1383)
('05/15/2016', 1342)
('12/25/2016', 817)
('08/15/2016', 1328)
('05/29/2016', 1281)
('03/25/2016', 1333)
('08/02/2016', 1303)
('11/01/2016', 1437)
('08/31/2016', 1322)
('12/02/2016', 1271)
('10/16/2016', 1357)
('04/12/2016', 1257)
('10/18/2016', 1442)
('01/26/2016', 1121)
('09/15/2016', 1417)
('04/20/2016', 1414)
('06/15/2016', 1469)
('12/07/2016', 1257)
('02/06/2016', 1248)
('08/16/2016', 1432)
('01/29/2016', 1278)
('06/09/2016', 1318)
('10/05/2016', 1281)
('06/14/2016', 1382)
('01/19/2016', 1188)
('08/28/2016', 1412)
('04/28/2016', 1275)
('12/15/2016', 1030)
('12/27/2016', 1111)
('10/20/2016', 1424)
('07/15/2016', 1411)
('03/24/2016', 1274)
('12/20/2016', 1143)
('05/25/2016', 1428)
('09/19/2016', 1061)
('07/06/2016', 1361)
('09/12/2016', 1198)
('12/08/2016', 1158)
('08/11/2016', 1306)
('07/31/2016', 1178)
('12/31/2016', 745)
('03/23/2016', 1301)
('04/06/2016', 1328)
('01/05/2016', 1043)
('02/14/2016', 887)
('02/04/2016', 1376)
('09/23/2016', 1458)
('07/29/2016', 1328)
('03/06/2016', 1193)
('10/02/2016', 1204)
('07/24/2016', 1336)
('03/17/2016', 1300)
('04/30/2016', 1275)
('09/01/2016', 1382)
('08/23/2016', 1350)
('05/21/2016', 1319)
('08/17/2016', 1391)
('10/01/2016', 1415)
('10/22/2016', 1321)
('04/15/2016', 1458)
('02/28/2016', 1084)
('02/17/2016', 1151)
('12/10/2016', 1220)
('03/04/2016', 1284)
('06/10/2016', 1440)
('12/12/2016', 1084)
('02/23/2016', 1030)
('06/19/2016', 1301)
('01/13/2016', 1154)
('05/27/2016', 1410)
('03/29/2016', 1224)
('09/18/2016', 1285)
('09/16/2016', 1408)
('04/09/2016', 1280)
('10/14/2016', 1329)
('12/16/2016', 1099)
('02/11/2016', 1149)
('03/11/2016', 1452)
('06/26/2016', 1329)
('01/24/2016', 704)
('05/17/2016', 1428)
('02/13/2016', 1079)
('05/16/2016', 1335)
('12/04/2016', 1083)
('08/09/2016', 1329)
('05/10/2016', 1356)
('04/05/2016', 1146)
('10/25/2016', 1196)
('11/09/2016', 1170)
('05/12/2016', 1436)
('06/16/2016', 1420)
('11/29/2016', 1114)
('02/01/2016', 1418)
('09/07/2016', 1322)
('01/02/2016', 1192)
('03/16/2016', 1303)
('03/18/2016', 1402)
('09/27/2016', 1239)
('04/03/2016', 1109)
('09/21/2016', 1317)
('05/04/2016', 1292)
('08/01/2016', 1534)
('01/07/2016', 1224)
('03/08/2016', 1339)
('11/27/2016', 1115)
('03/03/2016', 1286)
('05/14/2016', 1447)
('05/24/2016', 1330)
('11/25/2016', 1266)
('03/13/2016', 1153)
('09/10/2016', 1345)
('05/26/2016', 1394)
('10/28/2016', 1339)
('06/04/2016', 1352)
('04/23/2016', 1342)
('11/20/2016', 1049)
('01/25/2016', 1025)
('08/06/2016', 1314)
('08/13/2016', 1366)
('05/09/2016', 1373)
('01/08/2016', 1408)
('07/07/2016', 1337)
('04/01/2016', 1763)
('07/18/2016', 1312)
('08/14/2016', 1343)
('10/21/2016', 1471)
('01/31/2016', 1145)
('09/03/2016', 1356)
('09/28/2016', 1316)
('05/13/2016', 1350)
('07/03/2016', 1321)
('08/03/2016', 1318)
('11/14/2016', 1148)
('06/13/2016', 1364)
('10/06/2016', 1349)
('11/02/2016', 1376)
('12/14/2016', 1208)
('03/02/2016', 1251)
('11/03/2016', 1369)
('04/25/2016', 1245)
('07/20/2016', 1368)
('08/21/2016', 1283)
('08/26/2016', 1421)
('08/30/2016', 1355)
('06/22/2016', 1459)
('01/15/2016', 1489)
('01/27/2016', 1239)
('06/24/2016', 1459)
('06/08/2016', 1256)
('03/20/2016', 1115)
('01/21/2016', 1268)
('09/08/2016', 1330)
('12/28/2016', 996)
('10/24/2016', 1214)
('01/20/2016', 1343)
('09/24/2016', 1310)
('07/11/2016', 1216)
('03/30/2016', 1300)
('11/05/2016', 1293)
('10/27/2016', 1184)
('10/04/2016', 1315)
('03/14/2016', 1066)
('01/16/2016', 1323)
('04/07/2016', 1330)
('01/04/2016', 1092)
('04/22/2016', 1506)
('06/12/2016', 1300)
('05/30/2016', 1210)
('08/05/2016', 1498)
('09/11/2016', 1255)
('12/09/2016', 1207)
('03/01/2016', 1525)
('03/22/2016', 1240)
('07/27/2016', 1406)
('11/17/2016', 1300)
('08/10/2016', 1434)
('01/10/2016', 1187)
('11/21/2016', 1058)
('12/30/2016', 992)
('09/22/2016', 1368)
('11/19/2016', 1225)
('01/12/2016', 1248)
('08/29/2016', 1295)
('08/19/2016', 1419)
('04/29/2016', 1301)
